2025-05-30 15:11:17 [background-preinit] INFO  o.h.validator.internal.util.Version - HV000001: Hibernate Validator 8.0.0.Final
2025-05-30 15:11:17 [main] INFO  c.e.projetpfe.ProjetPfeApplication - Starting ProjetPfeApplication using Java 17.0.12 with PID 8736 (C:\Users\hiba3\PROJETPFE\target\classes started by hiba3 in C:\Users\hiba3\PROJETPFE)
2025-05-30 15:11:17 [main] INFO  c.e.projetpfe.ProjetPfeApplication - No active profile set, falling back to 1 default profile: "default"
2025-05-30 15:11:19 [main] INFO  o.s.d.r.c.RepositoryConfigurationDelegate - Bootstrapping Spring Data JPA repositories in DEFAULT mode.
2025-05-30 15:11:19 [main] INFO  o.s.d.r.c.RepositoryConfigurationDelegate - Finished Spring Data repository scanning in 134 ms. Found 7 JPA repository interfaces.
2025-05-30 15:11:20 [main] INFO  o.s.b.w.e.tomcat.TomcatWebServer - Tomcat initialized with port(s): 8080 (http)
2025-05-30 15:11:21 [main] INFO  o.a.coyote.http11.Http11NioProtocol - Initializing ProtocolHandler ["http-nio-8080"]
2025-05-30 15:11:21 [main] INFO  o.a.catalina.core.StandardService - Starting service [Tomcat]
2025-05-30 15:11:21 [main] INFO  o.a.catalina.core.StandardEngine - Starting Servlet engine: [Apache Tomcat/10.1.1]
2025-05-30 15:11:21 [main] INFO  o.a.c.c.C.[Tomcat].[localhost].[/] - Initializing Spring embedded WebApplicationContext
2025-05-30 15:11:21 [main] INFO  o.s.b.w.s.c.ServletWebServerApplicationContext - Root WebApplicationContext: initialization completed in 3555 ms
2025-05-30 15:11:21 [main] INFO  o.h.jpa.internal.util.LogHelper - HHH000204: Processing PersistenceUnitInfo [name: default]
2025-05-30 15:11:21 [main] INFO  org.hibernate.Version - HHH000412: Hibernate ORM core version 6.1.5.Final
2025-05-30 15:11:22 [main] WARN  org.hibernate.orm.deprecation - HHH90000021: Encountered deprecated setting [javax.persistence.sharedCache.mode], use [jakarta.persistence.sharedCache.mode] instead
2025-05-30 15:11:22 [main] INFO  com.zaxxer.hikari.HikariDataSource - HikariPool-1 - Starting...
2025-05-30 15:11:23 [main] INFO  com.zaxxer.hikari.pool.HikariPool - HikariPool-1 - Added connection org.postgresql.jdbc.PgConnection@7bb4ed71
2025-05-30 15:11:23 [main] INFO  com.zaxxer.hikari.HikariDataSource - HikariPool-1 - Start completed.
2025-05-30 15:11:23 [main] INFO  SQL dialect - HHH000400: Using dialect: org.hibernate.dialect.PostgreSQLDialect
2025-05-30 15:11:25 [main] INFO  o.h.e.t.j.p.i.JtaPlatformInitiator - HHH000490: Using JtaPlatform implementation: [org.hibernate.engine.transaction.jta.platform.internal.NoJtaPlatform]
2025-05-30 15:11:25 [main] INFO  o.s.o.j.LocalContainerEntityManagerFactoryBean - Initialized JPA EntityManagerFactory for persistence unit 'default'
2025-05-30 15:11:27 [main] WARN  o.s.b.a.o.j.JpaBaseConfiguration$JpaWebConfiguration - spring.jpa.open-in-view is enabled by default. Therefore, database queries may be performed during view rendering. Explicitly configure spring.jpa.open-in-view to disable this warning
2025-05-30 15:11:27 [main] INFO  o.s.b.a.w.s.WelcomePageHandlerMapping - Adding welcome page template: index
2025-05-30 15:11:27 [main] INFO  o.s.s.web.DefaultSecurityFilterChain - Will secure any request with [org.springframework.security.web.session.DisableEncodeUrlFilter@22263e1a, org.springframework.security.web.context.request.async.WebAsyncManagerIntegrationFilter@272600e1, org.springframework.security.web.context.SecurityContextHolderFilter@39a6c7a6, org.springframework.security.web.header.HeaderWriterFilter@6fc98c70, org.springframework.security.web.csrf.CsrfFilter@4dc9de0e, org.springframework.security.web.authentication.logout.LogoutFilter@db372b, org.springframework.security.web.authentication.UsernamePasswordAuthenticationFilter@77b987f3, org.springframework.security.web.session.ConcurrentSessionFilter@6f14ce3, org.springframework.security.web.savedrequest.RequestCacheAwareFilter@6a225642, org.springframework.security.web.servletapi.SecurityContextHolderAwareRequestFilter@6431ab21, org.springframework.security.web.authentication.AnonymousAuthenticationFilter@1c1b9de9, org.springframework.security.web.session.SessionManagementFilter@3bcebb8f, org.springframework.security.web.access.ExceptionTranslationFilter@4cd3e2f3, org.springframework.security.web.access.intercept.AuthorizationFilter@4cf93f80]
2025-05-30 15:11:28 [main] INFO  o.a.coyote.http11.Http11NioProtocol - Starting ProtocolHandler ["http-nio-8080"]
2025-05-30 15:11:28 [main] WARN  o.s.b.w.s.c.AnnotationConfigServletWebServerApplicationContext - Exception encountered during context initialization - cancelling refresh attempt: org.springframework.context.ApplicationContextException: Failed to start bean 'webServerStartStop'
2025-05-30 15:11:28 [main] INFO  o.s.o.j.LocalContainerEntityManagerFactoryBean - Closing JPA EntityManagerFactory for persistence unit 'default'
2025-05-30 15:11:28 [main] INFO  com.zaxxer.hikari.HikariDataSource - HikariPool-1 - Shutdown initiated...
2025-05-30 15:11:28 [main] INFO  com.zaxxer.hikari.HikariDataSource - HikariPool-1 - Shutdown completed.
2025-05-30 15:11:28 [main] INFO  o.a.coyote.http11.Http11NioProtocol - Pausing ProtocolHandler ["http-nio-8080"]
2025-05-30 15:11:28 [main] INFO  o.a.catalina.core.StandardService - Stopping service [Tomcat]
2025-05-30 15:11:28 [main] INFO  o.a.coyote.http11.Http11NioProtocol - Stopping ProtocolHandler ["http-nio-8080"]
2025-05-30 15:11:28 [main] INFO  o.a.coyote.http11.Http11NioProtocol - Destroying ProtocolHandler ["http-nio-8080"]
2025-05-30 15:11:28 [main] INFO  o.s.b.a.l.ConditionEvaluationReportLogger - 

Error starting ApplicationContext. To display the condition evaluation report re-run your application with 'debug' enabled.
2025-05-30 15:11:28 [main] ERROR o.s.b.d.LoggingFailureAnalysisReporter - 

***************************
APPLICATION FAILED TO START
***************************

Description:

Web server failed to start. Port 8080 was already in use.

Action:

Identify and stop the process that's listening on port 8080 or configure this application to listen on another port.

2025-05-30 15:30:46 [background-preinit] INFO  o.h.validator.internal.util.Version - HV000001: Hibernate Validator 8.0.0.Final
2025-05-30 15:30:46 [main] INFO  c.e.projetpfe.ProjetPfeApplication - Starting ProjetPfeApplication using Java 17.0.12 with PID 492 (C:\Users\hiba3\PROJETPFE\target\classes started by hiba3 in C:\Users\hiba3\PROJETPFE)
2025-05-30 15:30:46 [main] INFO  c.e.projetpfe.ProjetPfeApplication - No active profile set, falling back to 1 default profile: "default"
2025-05-30 15:30:47 [main] INFO  o.s.d.r.c.RepositoryConfigurationDelegate - Bootstrapping Spring Data JPA repositories in DEFAULT mode.
2025-05-30 15:30:47 [main] INFO  o.s.d.r.c.RepositoryConfigurationDelegate - Finished Spring Data repository scanning in 80 ms. Found 7 JPA repository interfaces.
2025-05-30 15:30:47 [main] INFO  o.s.b.w.e.tomcat.TomcatWebServer - Tomcat initialized with port(s): 8080 (http)
2025-05-30 15:30:47 [main] INFO  o.a.coyote.http11.Http11NioProtocol - Initializing ProtocolHandler ["http-nio-8080"]
2025-05-30 15:30:47 [main] INFO  o.a.catalina.core.StandardService - Starting service [Tomcat]
2025-05-30 15:30:47 [main] INFO  o.a.catalina.core.StandardEngine - Starting Servlet engine: [Apache Tomcat/10.1.1]
2025-05-30 15:30:47 [main] INFO  o.a.c.c.C.[Tomcat].[localhost].[/] - Initializing Spring embedded WebApplicationContext
2025-05-30 15:30:47 [main] INFO  o.s.b.w.s.c.ServletWebServerApplicationContext - Root WebApplicationContext: initialization completed in 1498 ms
2025-05-30 15:30:47 [main] INFO  o.h.jpa.internal.util.LogHelper - HHH000204: Processing PersistenceUnitInfo [name: default]
2025-05-30 15:30:48 [main] INFO  org.hibernate.Version - HHH000412: Hibernate ORM core version 6.1.5.Final
2025-05-30 15:30:48 [main] WARN  org.hibernate.orm.deprecation - HHH90000021: Encountered deprecated setting [javax.persistence.sharedCache.mode], use [jakarta.persistence.sharedCache.mode] instead
2025-05-30 15:30:48 [main] INFO  com.zaxxer.hikari.HikariDataSource - HikariPool-1 - Starting...
2025-05-30 15:30:48 [main] INFO  com.zaxxer.hikari.pool.HikariPool - HikariPool-1 - Added connection org.postgresql.jdbc.PgConnection@40f1aa95
2025-05-30 15:30:48 [main] INFO  com.zaxxer.hikari.HikariDataSource - HikariPool-1 - Start completed.
2025-05-30 15:30:48 [main] INFO  SQL dialect - HHH000400: Using dialect: org.hibernate.dialect.PostgreSQLDialect
2025-05-30 15:30:49 [main] INFO  o.h.e.t.j.p.i.JtaPlatformInitiator - HHH000490: Using JtaPlatform implementation: [org.hibernate.engine.transaction.jta.platform.internal.NoJtaPlatform]
2025-05-30 15:30:49 [main] INFO  o.s.o.j.LocalContainerEntityManagerFactoryBean - Initialized JPA EntityManagerFactory for persistence unit 'default'
2025-05-30 15:30:50 [main] WARN  o.s.b.a.o.j.JpaBaseConfiguration$JpaWebConfiguration - spring.jpa.open-in-view is enabled by default. Therefore, database queries may be performed during view rendering. Explicitly configure spring.jpa.open-in-view to disable this warning
2025-05-30 15:30:51 [main] INFO  o.s.b.a.w.s.WelcomePageHandlerMapping - Adding welcome page template: index
2025-05-30 15:30:51 [main] INFO  o.s.s.web.DefaultSecurityFilterChain - Will secure any request with [org.springframework.security.web.session.DisableEncodeUrlFilter@3bf7c70e, org.springframework.security.web.context.request.async.WebAsyncManagerIntegrationFilter@1aa945f6, org.springframework.security.web.context.SecurityContextHolderFilter@28c06c3c, org.springframework.security.web.header.HeaderWriterFilter@4caeeab6, org.springframework.security.web.csrf.CsrfFilter@1fb8b89e, org.springframework.security.web.authentication.logout.LogoutFilter@3c175d82, org.springframework.security.web.authentication.UsernamePasswordAuthenticationFilter@2dc0cbbc, org.springframework.security.web.session.ConcurrentSessionFilter@16af0251, org.springframework.security.web.savedrequest.RequestCacheAwareFilter@68a1906f, org.springframework.security.web.servletapi.SecurityContextHolderAwareRequestFilter@66a5f996, org.springframework.security.web.authentication.AnonymousAuthenticationFilter@319fe034, org.springframework.security.web.session.SessionManagementFilter@4d652bc6, org.springframework.security.web.access.ExceptionTranslationFilter@4285b1bd, org.springframework.security.web.access.intercept.AuthorizationFilter@452c8a6c]
2025-05-30 15:30:51 [main] INFO  o.a.coyote.http11.Http11NioProtocol - Starting ProtocolHandler ["http-nio-8080"]
2025-05-30 15:30:51 [main] INFO  o.s.b.w.e.tomcat.TomcatWebServer - Tomcat started on port(s): 8080 (http) with context path ''
2025-05-30 15:30:51 [main] INFO  c.e.projetpfe.ProjetPfeApplication - Started ProjetPfeApplication in 5.676 seconds (process running for 6.609)
2025-05-30 15:30:56 [http-nio-8080-exec-1] INFO  o.a.c.c.C.[Tomcat].[localhost].[/] - Initializing Spring DispatcherServlet 'dispatcherServlet'
2025-05-30 15:30:56 [http-nio-8080-exec-1] INFO  o.s.web.servlet.DispatcherServlet - Initializing Servlet 'dispatcherServlet'
2025-05-30 15:30:56 [http-nio-8080-exec-1] INFO  o.s.web.servlet.DispatcherServlet - Completed initialization in 2 ms
2025-05-30 15:30:56 [http-nio-8080-exec-1] DEBUG o.s.security.web.FilterChainProxy - Securing GET /login
2025-05-30 15:30:56 [http-nio-8080-exec-1] DEBUG o.s.s.w.a.AnonymousAuthenticationFilter - Set SecurityContextHolder to anonymous SecurityContext
2025-05-30 15:30:56 [http-nio-8080-exec-1] DEBUG o.s.s.w.s.SessionManagementFilter - Request requested invalid session id 9F9CDA082A0192781F97BC781EF1A06E
2025-05-30 15:30:56 [http-nio-8080-exec-1] DEBUG o.s.s.w.s.SimpleRedirectInvalidSessionStrategy - Starting new session (if required) and redirecting to '/login'
2025-05-30 15:30:56 [http-nio-8080-exec-1] DEBUG o.s.s.web.DefaultRedirectStrategy - Redirecting to /login
2025-05-30 15:30:56 [http-nio-8080-exec-3] DEBUG o.s.security.web.FilterChainProxy - Securing GET /login
2025-05-30 15:30:56 [http-nio-8080-exec-3] DEBUG o.s.s.w.a.AnonymousAuthenticationFilter - Set SecurityContextHolder to anonymous SecurityContext
2025-05-30 15:30:56 [http-nio-8080-exec-3] DEBUG o.s.security.web.FilterChainProxy - Secured GET /login
2025-05-30 15:30:57 [http-nio-8080-exec-3] DEBUG c.e.p.controller.AuthController - Accès à la page de login - Query string: null
2025-05-30 15:30:57 [http-nio-8080-exec-3] DEBUG c.e.p.controller.AuthController - Vérification du blocage pour l'IP: 0:0:0:0:0:0:0:1
2025-05-30 15:30:57 [http-nio-8080-exec-3] DEBUG c.e.p.controller.AuthController - IP non bloquée
2025-05-30 15:30:57 [http-nio-8080-exec-2] DEBUG o.s.security.web.FilterChainProxy - Securing GET /favicon.ico
2025-05-30 15:30:57 [http-nio-8080-exec-2] DEBUG o.s.s.w.a.AnonymousAuthenticationFilter - Set SecurityContextHolder to anonymous SecurityContext
2025-05-30 15:30:57 [http-nio-8080-exec-2] DEBUG o.s.s.web.DefaultRedirectStrategy - Redirecting to http://localhost:8080/login
2025-05-30 15:30:57 [http-nio-8080-exec-4] DEBUG o.s.security.web.FilterChainProxy - Securing GET /login
2025-05-30 15:30:57 [http-nio-8080-exec-4] DEBUG o.s.s.w.a.AnonymousAuthenticationFilter - Set SecurityContextHolder to anonymous SecurityContext
2025-05-30 15:30:57 [http-nio-8080-exec-4] DEBUG o.s.security.web.FilterChainProxy - Secured GET /login
2025-05-30 15:30:57 [http-nio-8080-exec-4] DEBUG c.e.p.controller.AuthController - Accès à la page de login - Query string: null
2025-05-30 15:30:57 [http-nio-8080-exec-4] DEBUG c.e.p.controller.AuthController - Vérification du blocage pour l'IP: 0:0:0:0:0:0:0:1
2025-05-30 15:30:57 [http-nio-8080-exec-4] DEBUG c.e.p.controller.AuthController - IP non bloquée
2025-05-30 15:31:03 [http-nio-8080-exec-5] DEBUG o.s.security.web.FilterChainProxy - Securing POST /login
2025-05-30 15:31:03 [http-nio-8080-exec-5] DEBUG o.s.s.a.d.DaoAuthenticationProvider - Authenticated user
2025-05-30 15:31:03 [http-nio-8080-exec-5] DEBUG o.s.s.w.a.s.ChangeSessionIdAuthenticationStrategy - Changed session id from 88A9062EA8F91D1B42683DBFB2A0E43C
2025-05-30 15:31:03 [http-nio-8080-exec-5] DEBUG o.s.s.c.session.SessionRegistryImpl - Registering session 7BC0AC0EDD0352A8582850F627E494D1, for principal com.example.projetpfe.security.CustomUserDetails@4ed63c82
2025-05-30 15:31:03 [http-nio-8080-exec-5] DEBUG o.s.s.w.c.CsrfAuthenticationStrategy - Replaced CSRF Token
2025-05-30 15:31:03 [http-nio-8080-exec-5] DEBUG o.s.s.w.c.HttpSessionSecurityContextRepository - Stored SecurityContextImpl [Authentication=UsernamePasswordAuthenticationToken [Principal=com.example.projetpfe.security.CustomUserDetails@4ed63c82, Credentials=[PROTECTED], Authenticated=true, Details=WebAuthenticationDetails [RemoteIpAddress=0:0:0:0:0:0:0:1, SessionId=88A9062EA8F91D1B42683DBFB2A0E43C], Granted Authorities=[ROLE_SUPER_ADMIN]]] to HttpSession [org.apache.catalina.session.StandardSessionFacade@1f31bac]
2025-05-30 15:31:03 [http-nio-8080-exec-5] DEBUG o.s.s.w.a.UsernamePasswordAuthenticationFilter - Set SecurityContextHolder to UsernamePasswordAuthenticationToken [Principal=com.example.projetpfe.security.CustomUserDetails@4ed63c82, Credentials=[PROTECTED], Authenticated=true, Details=WebAuthenticationDetails [RemoteIpAddress=0:0:0:0:0:0:0:1, SessionId=88A9062EA8F91D1B42683DBFB2A0E43C], Granted Authorities=[ROLE_SUPER_ADMIN]]
2025-05-30 15:31:03 [http-nio-8080-exec-5] DEBUG o.s.s.web.DefaultRedirectStrategy - Redirecting to /login-success
2025-05-30 15:31:03 [http-nio-8080-exec-6] DEBUG o.s.security.web.FilterChainProxy - Securing GET /login-success
2025-05-30 15:31:03 [http-nio-8080-exec-6] DEBUG o.s.security.web.FilterChainProxy - Secured GET /login-success
2025-05-30 15:31:03 [http-nio-8080-exec-6] DEBUG o.s.s.w.c.HttpSessionSecurityContextRepository - Retrieved SecurityContextImpl [Authentication=UsernamePasswordAuthenticationToken [Principal=com.example.projetpfe.security.CustomUserDetails@4ed63c82, Credentials=[PROTECTED], Authenticated=true, Details=WebAuthenticationDetails [RemoteIpAddress=0:0:0:0:0:0:0:1, SessionId=88A9062EA8F91D1B42683DBFB2A0E43C], Granted Authorities=[ROLE_SUPER_ADMIN]]]
2025-05-30 15:31:03 [http-nio-8080-exec-7] DEBUG o.s.security.web.FilterChainProxy - Securing GET /admin/agenda
2025-05-30 15:31:03 [http-nio-8080-exec-7] DEBUG o.s.s.w.c.HttpSessionSecurityContextRepository - Retrieved SecurityContextImpl [Authentication=UsernamePasswordAuthenticationToken [Principal=com.example.projetpfe.security.CustomUserDetails@4ed63c82, Credentials=[PROTECTED], Authenticated=true, Details=WebAuthenticationDetails [RemoteIpAddress=0:0:0:0:0:0:0:1, SessionId=88A9062EA8F91D1B42683DBFB2A0E43C], Granted Authorities=[ROLE_SUPER_ADMIN]]]
2025-05-30 15:31:03 [http-nio-8080-exec-7] DEBUG o.s.security.web.FilterChainProxy - Secured GET /admin/agenda
2025-05-30 15:31:03 [http-nio-8080-exec-8] DEBUG o.s.security.web.FilterChainProxy - Securing GET /favicon.ico
2025-05-30 15:31:03 [http-nio-8080-exec-8] DEBUG o.s.s.w.c.HttpSessionSecurityContextRepository - Retrieved SecurityContextImpl [Authentication=UsernamePasswordAuthenticationToken [Principal=com.example.projetpfe.security.CustomUserDetails@4ed63c82, Credentials=[PROTECTED], Authenticated=true, Details=WebAuthenticationDetails [RemoteIpAddress=0:0:0:0:0:0:0:1, SessionId=88A9062EA8F91D1B42683DBFB2A0E43C], Granted Authorities=[ROLE_SUPER_ADMIN]]]
2025-05-30 15:31:03 [http-nio-8080-exec-8] DEBUG o.s.security.web.FilterChainProxy - Secured GET /favicon.ico
2025-05-30 15:31:03 [http-nio-8080-exec-8] DEBUG o.s.security.web.FilterChainProxy - Securing GET /error
2025-05-30 15:31:03 [http-nio-8080-exec-8] DEBUG o.s.s.w.c.HttpSessionSecurityContextRepository - Retrieved SecurityContextImpl [Authentication=UsernamePasswordAuthenticationToken [Principal=com.example.projetpfe.security.CustomUserDetails@4ed63c82, Credentials=[PROTECTED], Authenticated=true, Details=WebAuthenticationDetails [RemoteIpAddress=0:0:0:0:0:0:0:1, SessionId=88A9062EA8F91D1B42683DBFB2A0E43C], Granted Authorities=[ROLE_SUPER_ADMIN]]]
2025-05-30 15:31:03 [http-nio-8080-exec-8] DEBUG o.s.s.w.a.AccessDeniedHandlerImpl - Responding with 403 status code
2025-05-30 15:31:24 [SpringApplicationShutdownHook] INFO  o.s.o.j.LocalContainerEntityManagerFactoryBean - Closing JPA EntityManagerFactory for persistence unit 'default'
2025-05-30 15:31:24 [SpringApplicationShutdownHook] INFO  com.zaxxer.hikari.HikariDataSource - HikariPool-1 - Shutdown initiated...
2025-05-30 15:31:24 [SpringApplicationShutdownHook] INFO  com.zaxxer.hikari.HikariDataSource - HikariPool-1 - Shutdown completed.
