2025-06-10 14:41:02 [background-preinit] INFO  o.h.validator.internal.util.Version - HV000001: Hibernate Validator 8.0.0.Final
2025-06-10 14:41:02 [main] INFO  c.e.projetpfe.ProjetPfeApplication - Starting ProjetPfeApplication using Java 17.0.12 with PID 10888 (C:\Users\hiba3\PROJETPFE\target\classes started by hiba3 in C:\Users\hiba3\PROJETPFE)
2025-06-10 14:41:02 [main] INFO  c.e.projetpfe.ProjetPfeApplication - No active profile set, falling back to 1 default profile: "default"
2025-06-10 14:41:03 [main] INFO  o.s.d.r.c.RepositoryConfigurationDelegate - Bootstrapping Spring Data JPA repositories in DEFAULT mode.
2025-06-10 14:41:03 [main] INFO  o.s.d.r.c.RepositoryConfigurationDelegate - Finished Spring Data repository scanning in 87 ms. Found 7 JPA repository interfaces.
2025-06-10 14:41:04 [main] INFO  o.s.b.w.e.tomcat.TomcatWebServer - Tomcat initialized with port(s): 8080 (http)
2025-06-10 14:41:04 [main] INFO  o.a.coyote.http11.Http11NioProtocol - Initializing ProtocolHandler ["http-nio-8080"]
2025-06-10 14:41:04 [main] INFO  o.a.catalina.core.StandardService - Starting service [Tomcat]
2025-06-10 14:41:04 [main] INFO  o.a.catalina.core.StandardEngine - Starting Servlet engine: [Apache Tomcat/10.1.1]
2025-06-10 14:41:04 [main] INFO  o.a.c.c.C.[Tomcat].[localhost].[/] - Initializing Spring embedded WebApplicationContext
2025-06-10 14:41:04 [main] INFO  o.s.b.w.s.c.ServletWebServerApplicationContext - Root WebApplicationContext: initialization completed in 1819 ms
2025-06-10 14:41:04 [main] INFO  o.h.jpa.internal.util.LogHelper - HHH000204: Processing PersistenceUnitInfo [name: default]
2025-06-10 14:41:04 [main] INFO  org.hibernate.Version - HHH000412: Hibernate ORM core version 6.1.5.Final
2025-06-10 14:41:05 [main] WARN  org.hibernate.orm.deprecation - HHH90000021: Encountered deprecated setting [javax.persistence.sharedCache.mode], use [jakarta.persistence.sharedCache.mode] instead
2025-06-10 14:41:05 [main] INFO  com.zaxxer.hikari.HikariDataSource - HikariPool-1 - Starting...
2025-06-10 14:41:05 [main] INFO  com.zaxxer.hikari.pool.HikariPool - HikariPool-1 - Added connection org.postgresql.jdbc.PgConnection@7e2bc2f4
2025-06-10 14:41:05 [main] INFO  com.zaxxer.hikari.HikariDataSource - HikariPool-1 - Start completed.
2025-06-10 14:41:05 [main] INFO  SQL dialect - HHH000400: Using dialect: org.hibernate.dialect.PostgreSQLDialect
2025-06-10 14:41:07 [main] INFO  o.h.e.t.j.p.i.JtaPlatformInitiator - HHH000490: Using JtaPlatform implementation: [org.hibernate.engine.transaction.jta.platform.internal.NoJtaPlatform]
2025-06-10 14:41:07 [main] INFO  o.s.o.j.LocalContainerEntityManagerFactoryBean - Initialized JPA EntityManagerFactory for persistence unit 'default'
2025-06-10 14:41:08 [main] WARN  o.s.b.a.o.j.JpaBaseConfiguration$JpaWebConfiguration - spring.jpa.open-in-view is enabled by default. Therefore, database queries may be performed during view rendering. Explicitly configure spring.jpa.open-in-view to disable this warning
2025-06-10 14:41:08 [main] INFO  o.s.b.a.w.s.WelcomePageHandlerMapping - Adding welcome page template: index
2025-06-10 14:41:08 [main] INFO  o.s.s.web.DefaultSecurityFilterChain - Will secure any request with [org.springframework.security.web.session.DisableEncodeUrlFilter@2e2d7dc, org.springframework.security.web.context.request.async.WebAsyncManagerIntegrationFilter@d7b20d9, org.springframework.security.web.context.SecurityContextHolderFilter@1fb8b89e, org.springframework.security.web.header.HeaderWriterFilter@686a192d, org.springframework.security.web.csrf.CsrfFilter@632cfbc5, org.springframework.security.web.authentication.logout.LogoutFilter@4cf93f80, org.springframework.security.web.authentication.UsernamePasswordAuthenticationFilter@243c4ffe, org.springframework.security.web.session.ConcurrentSessionFilter@6a225642, org.springframework.security.web.savedrequest.RequestCacheAwareFilter@7152ee36, org.springframework.security.web.servletapi.SecurityContextHolderAwareRequestFilter@20bc417f, org.springframework.security.web.authentication.AnonymousAuthenticationFilter@4b7ecd37, org.springframework.security.web.session.SessionManagementFilter@6f14ce3, org.springframework.security.web.access.ExceptionTranslationFilter@3d1f809, org.springframework.security.web.access.intercept.AuthorizationFilter@561b21b8]
2025-06-10 14:41:08 [main] INFO  o.a.coyote.http11.Http11NioProtocol - Starting ProtocolHandler ["http-nio-8080"]
2025-06-10 14:41:08 [main] INFO  o.s.b.w.e.tomcat.TomcatWebServer - Tomcat started on port(s): 8080 (http) with context path ''
2025-06-10 14:41:08 [main] INFO  c.e.projetpfe.ProjetPfeApplication - Started ProjetPfeApplication in 6.765 seconds (process running for 8.024)
2025-06-10 14:42:06 [http-nio-8080-exec-1] INFO  o.a.c.c.C.[Tomcat].[localhost].[/] - Initializing Spring DispatcherServlet 'dispatcherServlet'
2025-06-10 14:42:06 [http-nio-8080-exec-1] INFO  o.s.web.servlet.DispatcherServlet - Initializing Servlet 'dispatcherServlet'
2025-06-10 14:42:06 [http-nio-8080-exec-1] INFO  o.s.web.servlet.DispatcherServlet - Completed initialization in 3 ms
2025-06-10 14:42:06 [http-nio-8080-exec-1] DEBUG o.s.security.web.FilterChainProxy - Securing GET /
2025-06-10 14:42:06 [http-nio-8080-exec-1] DEBUG o.s.s.w.a.AnonymousAuthenticationFilter - Set SecurityContextHolder to anonymous SecurityContext
2025-06-10 14:42:06 [http-nio-8080-exec-1] DEBUG o.s.s.w.s.HttpSessionRequestCache - Saved request http://5d78-41-92-55-73.ngrok-free.app/?continue to session
2025-06-10 14:42:06 [http-nio-8080-exec-1] DEBUG o.s.s.web.DefaultRedirectStrategy - Redirecting to http://5d78-41-92-55-73.ngrok-free.app/login
2025-06-10 14:42:06 [http-nio-8080-exec-2] DEBUG o.s.security.web.FilterChainProxy - Securing GET /login
2025-06-10 14:42:06 [http-nio-8080-exec-2] DEBUG o.s.s.w.a.AnonymousAuthenticationFilter - Set SecurityContextHolder to anonymous SecurityContext
2025-06-10 14:42:06 [http-nio-8080-exec-2] DEBUG o.s.security.web.FilterChainProxy - Secured GET /login
2025-06-10 14:42:07 [http-nio-8080-exec-2] DEBUG c.e.p.controller.AuthController - Accès à la page de login - Query string: null
2025-06-10 14:42:07 [http-nio-8080-exec-2] DEBUG c.e.p.controller.AuthController - Vérification du blocage pour l'IP: 34.198.221.238
2025-06-10 14:42:07 [http-nio-8080-exec-2] DEBUG c.e.p.controller.AuthController - IP non bloquée
2025-06-10 14:42:36 [http-nio-8080-exec-3] DEBUG o.s.security.web.FilterChainProxy - Securing GET /login
2025-06-10 14:42:36 [http-nio-8080-exec-3] DEBUG o.s.s.w.a.AnonymousAuthenticationFilter - Set SecurityContextHolder to anonymous SecurityContext
2025-06-10 14:42:36 [http-nio-8080-exec-3] DEBUG o.s.security.web.FilterChainProxy - Secured GET /login
2025-06-10 14:42:36 [http-nio-8080-exec-3] DEBUG c.e.p.controller.AuthController - Accès à la page de login - Query string: null
2025-06-10 14:42:36 [http-nio-8080-exec-3] DEBUG c.e.p.controller.AuthController - Vérification du blocage pour l'IP: 0:0:0:0:0:0:0:1
2025-06-10 14:42:36 [http-nio-8080-exec-3] DEBUG c.e.p.controller.AuthController - IP non bloquée
2025-06-10 14:42:37 [http-nio-8080-exec-4] DEBUG o.s.security.web.FilterChainProxy - Securing GET /favicon.ico
2025-06-10 14:42:37 [http-nio-8080-exec-4] DEBUG o.s.s.w.a.AnonymousAuthenticationFilter - Set SecurityContextHolder to anonymous SecurityContext
2025-06-10 14:42:37 [http-nio-8080-exec-4] DEBUG o.s.s.web.DefaultRedirectStrategy - Redirecting to http://localhost:8080/login
2025-06-10 14:42:37 [http-nio-8080-exec-5] DEBUG o.s.security.web.FilterChainProxy - Securing GET /login
2025-06-10 14:42:37 [http-nio-8080-exec-5] DEBUG o.s.s.w.a.AnonymousAuthenticationFilter - Set SecurityContextHolder to anonymous SecurityContext
2025-06-10 14:42:37 [http-nio-8080-exec-5] DEBUG o.s.security.web.FilterChainProxy - Secured GET /login
2025-06-10 14:42:37 [http-nio-8080-exec-5] DEBUG c.e.p.controller.AuthController - Accès à la page de login - Query string: null
2025-06-10 14:42:37 [http-nio-8080-exec-5] DEBUG c.e.p.controller.AuthController - Vérification du blocage pour l'IP: 0:0:0:0:0:0:0:1
2025-06-10 14:42:37 [http-nio-8080-exec-5] DEBUG c.e.p.controller.AuthController - IP non bloquée
2025-06-10 14:42:43 [http-nio-8080-exec-6] DEBUG o.s.security.web.FilterChainProxy - Securing POST /login
2025-06-10 14:42:44 [http-nio-8080-exec-6] DEBUG o.s.s.a.d.DaoAuthenticationProvider - Authenticated user
2025-06-10 14:42:44 [http-nio-8080-exec-6] DEBUG o.s.s.w.a.s.ChangeSessionIdAuthenticationStrategy - Changed session id from 2948E4ECC8F0D0389CC4F13291DB97C9
2025-06-10 14:42:44 [http-nio-8080-exec-6] DEBUG o.s.s.c.session.SessionRegistryImpl - Registering session 8896E3929F2F5CA4793B15A8564BE86B, for principal com.example.projetpfe.security.CustomUserDetails@374b5450
2025-06-10 14:42:44 [http-nio-8080-exec-6] DEBUG o.s.s.w.c.CsrfAuthenticationStrategy - Replaced CSRF Token
2025-06-10 14:42:44 [http-nio-8080-exec-6] DEBUG o.s.s.w.c.HttpSessionSecurityContextRepository - Stored SecurityContextImpl [Authentication=UsernamePasswordAuthenticationToken [Principal=com.example.projetpfe.security.CustomUserDetails@374b5450, Credentials=[PROTECTED], Authenticated=true, Details=WebAuthenticationDetails [RemoteIpAddress=0:0:0:0:0:0:0:1, SessionId=2948E4ECC8F0D0389CC4F13291DB97C9], Granted Authorities=[ROLE_USER]]] to HttpSession [org.apache.catalina.session.StandardSessionFacade@72ab9d1]
2025-06-10 14:42:44 [http-nio-8080-exec-6] DEBUG o.s.s.w.a.UsernamePasswordAuthenticationFilter - Set SecurityContextHolder to UsernamePasswordAuthenticationToken [Principal=com.example.projetpfe.security.CustomUserDetails@374b5450, Credentials=[PROTECTED], Authenticated=true, Details=WebAuthenticationDetails [RemoteIpAddress=0:0:0:0:0:0:0:1, SessionId=2948E4ECC8F0D0389CC4F13291DB97C9], Granted Authorities=[ROLE_USER]]
2025-06-10 14:42:44 [http-nio-8080-exec-6] DEBUG o.s.s.web.DefaultRedirectStrategy - Redirecting to /login-success
2025-06-10 14:42:44 [http-nio-8080-exec-7] DEBUG o.s.security.web.FilterChainProxy - Securing GET /login-success
2025-06-10 14:42:44 [http-nio-8080-exec-7] DEBUG o.s.security.web.FilterChainProxy - Secured GET /login-success
2025-06-10 14:42:44 [http-nio-8080-exec-7] DEBUG o.s.s.w.c.HttpSessionSecurityContextRepository - Retrieved SecurityContextImpl [Authentication=UsernamePasswordAuthenticationToken [Principal=com.example.projetpfe.security.CustomUserDetails@374b5450, Credentials=[PROTECTED], Authenticated=true, Details=WebAuthenticationDetails [RemoteIpAddress=0:0:0:0:0:0:0:1, SessionId=2948E4ECC8F0D0389CC4F13291DB97C9], Granted Authorities=[ROLE_USER]]]
2025-06-10 14:42:44 [http-nio-8080-exec-8] DEBUG o.s.security.web.FilterChainProxy - Securing GET /agenda/index
2025-06-10 14:42:44 [http-nio-8080-exec-8] DEBUG o.s.s.w.c.HttpSessionSecurityContextRepository - Retrieved SecurityContextImpl [Authentication=UsernamePasswordAuthenticationToken [Principal=com.example.projetpfe.security.CustomUserDetails@374b5450, Credentials=[PROTECTED], Authenticated=true, Details=WebAuthenticationDetails [RemoteIpAddress=0:0:0:0:0:0:0:1, SessionId=2948E4ECC8F0D0389CC4F13291DB97C9], Granted Authorities=[ROLE_USER]]]
2025-06-10 14:42:44 [http-nio-8080-exec-8] DEBUG o.s.security.web.FilterChainProxy - Secured GET /agenda/index
2025-06-10 14:42:44 [http-nio-8080-exec-9] DEBUG o.s.security.web.FilterChainProxy - Securing GET /favicon.ico
2025-06-10 14:42:44 [http-nio-8080-exec-9] DEBUG o.s.s.w.c.HttpSessionSecurityContextRepository - Retrieved SecurityContextImpl [Authentication=UsernamePasswordAuthenticationToken [Principal=com.example.projetpfe.security.CustomUserDetails@374b5450, Credentials=[PROTECTED], Authenticated=true, Details=WebAuthenticationDetails [RemoteIpAddress=0:0:0:0:0:0:0:1, SessionId=2948E4ECC8F0D0389CC4F13291DB97C9], Granted Authorities=[ROLE_USER]]]
2025-06-10 14:42:44 [http-nio-8080-exec-9] DEBUG o.s.security.web.FilterChainProxy - Secured GET /favicon.ico
2025-06-10 14:42:44 [http-nio-8080-exec-9] DEBUG o.s.security.web.FilterChainProxy - Securing GET /error
2025-06-10 14:42:44 [http-nio-8080-exec-9] DEBUG o.s.s.w.c.HttpSessionSecurityContextRepository - Retrieved SecurityContextImpl [Authentication=UsernamePasswordAuthenticationToken [Principal=com.example.projetpfe.security.CustomUserDetails@374b5450, Credentials=[PROTECTED], Authenticated=true, Details=WebAuthenticationDetails [RemoteIpAddress=0:0:0:0:0:0:0:1, SessionId=2948E4ECC8F0D0389CC4F13291DB97C9], Granted Authorities=[ROLE_USER]]]
2025-06-10 14:42:44 [http-nio-8080-exec-9] DEBUG o.s.s.w.a.AccessDeniedHandlerImpl - Responding with 403 status code
2025-06-10 14:43:06 [http-nio-8080-exec-10] DEBUG o.s.security.web.FilterChainProxy - Securing GET /logout
2025-06-10 14:43:06 [http-nio-8080-exec-10] DEBUG o.s.s.w.c.HttpSessionSecurityContextRepository - Retrieved SecurityContextImpl [Authentication=UsernamePasswordAuthenticationToken [Principal=com.example.projetpfe.security.CustomUserDetails@374b5450, Credentials=[PROTECTED], Authenticated=true, Details=WebAuthenticationDetails [RemoteIpAddress=0:0:0:0:0:0:0:1, SessionId=2948E4ECC8F0D0389CC4F13291DB97C9], Granted Authorities=[ROLE_USER]]]
2025-06-10 14:43:06 [http-nio-8080-exec-10] DEBUG o.s.s.w.a.logout.LogoutFilter - Logging out [UsernamePasswordAuthenticationToken [Principal=com.example.projetpfe.security.CustomUserDetails@374b5450, Credentials=[PROTECTED], Authenticated=true, Details=WebAuthenticationDetails [RemoteIpAddress=0:0:0:0:0:0:0:1, SessionId=2948E4ECC8F0D0389CC4F13291DB97C9], Granted Authorities=[ROLE_USER]]]
2025-06-10 14:43:06 [http-nio-8080-exec-10] DEBUG o.s.s.w.a.l.SecurityContextLogoutHandler - Invalidated session 8896E3929F2F5CA4793B15A8564BE86B
2025-06-10 14:43:06 [http-nio-8080-exec-10] DEBUG o.s.s.web.DefaultRedirectStrategy - Redirecting to /login?logout
2025-06-10 14:43:06 [http-nio-8080-exec-1] DEBUG o.s.security.web.FilterChainProxy - Securing GET /login?logout
2025-06-10 14:43:06 [http-nio-8080-exec-1] DEBUG o.s.s.w.a.AnonymousAuthenticationFilter - Set SecurityContextHolder to anonymous SecurityContext
2025-06-10 14:43:06 [http-nio-8080-exec-1] DEBUG o.s.security.web.FilterChainProxy - Secured GET /login?logout
2025-06-10 14:43:06 [http-nio-8080-exec-1] DEBUG c.e.p.controller.AuthController - Accès à la page de login - Query string: logout
2025-06-10 14:43:06 [http-nio-8080-exec-1] DEBUG c.e.p.controller.AuthController - Vérification du blocage pour l'IP: 0:0:0:0:0:0:0:1
2025-06-10 14:43:06 [http-nio-8080-exec-1] DEBUG c.e.p.controller.AuthController - IP non bloquée
2025-06-10 14:43:06 [http-nio-8080-exec-2] DEBUG o.s.security.web.FilterChainProxy - Securing GET /favicon.ico
2025-06-10 14:43:06 [http-nio-8080-exec-2] DEBUG o.s.s.w.a.AnonymousAuthenticationFilter - Set SecurityContextHolder to anonymous SecurityContext
2025-06-10 14:43:06 [http-nio-8080-exec-2] DEBUG o.s.s.web.DefaultRedirectStrategy - Redirecting to http://localhost:8080/login
2025-06-10 14:43:06 [http-nio-8080-exec-3] DEBUG o.s.security.web.FilterChainProxy - Securing GET /login
2025-06-10 14:43:06 [http-nio-8080-exec-3] DEBUG o.s.s.w.a.AnonymousAuthenticationFilter - Set SecurityContextHolder to anonymous SecurityContext
2025-06-10 14:43:06 [http-nio-8080-exec-3] DEBUG o.s.security.web.FilterChainProxy - Secured GET /login
2025-06-10 14:43:06 [http-nio-8080-exec-3] DEBUG c.e.p.controller.AuthController - Accès à la page de login - Query string: null
2025-06-10 14:43:06 [http-nio-8080-exec-3] DEBUG c.e.p.controller.AuthController - Vérification du blocage pour l'IP: 0:0:0:0:0:0:0:1
2025-06-10 14:43:06 [http-nio-8080-exec-3] DEBUG c.e.p.controller.AuthController - IP non bloquée
2025-06-10 14:43:12 [http-nio-8080-exec-5] DEBUG o.s.security.web.FilterChainProxy - Securing POST /login
2025-06-10 14:43:12 [http-nio-8080-exec-5] DEBUG o.s.s.a.d.DaoAuthenticationProvider - Authenticated user
2025-06-10 14:43:12 [http-nio-8080-exec-5] DEBUG o.s.s.w.a.s.ChangeSessionIdAuthenticationStrategy - Changed session id from B722E4E90605D8026F2481987821C868
2025-06-10 14:43:12 [http-nio-8080-exec-5] DEBUG o.s.s.c.session.SessionRegistryImpl - Registering session 8DEFF55E0EA621B4A4693A7F1A4F35D6, for principal com.example.projetpfe.security.CustomUserDetails@273960ad
2025-06-10 14:43:12 [http-nio-8080-exec-5] DEBUG o.s.s.w.c.CsrfAuthenticationStrategy - Replaced CSRF Token
2025-06-10 14:43:12 [http-nio-8080-exec-5] DEBUG o.s.s.w.c.HttpSessionSecurityContextRepository - Stored SecurityContextImpl [Authentication=UsernamePasswordAuthenticationToken [Principal=com.example.projetpfe.security.CustomUserDetails@273960ad, Credentials=[PROTECTED], Authenticated=true, Details=WebAuthenticationDetails [RemoteIpAddress=0:0:0:0:0:0:0:1, SessionId=B722E4E90605D8026F2481987821C868], Granted Authorities=[ROLE_ADMIN]]] to HttpSession [org.apache.catalina.session.StandardSessionFacade@22f981ef]
2025-06-10 14:43:12 [http-nio-8080-exec-5] DEBUG o.s.s.w.a.UsernamePasswordAuthenticationFilter - Set SecurityContextHolder to UsernamePasswordAuthenticationToken [Principal=com.example.projetpfe.security.CustomUserDetails@273960ad, Credentials=[PROTECTED], Authenticated=true, Details=WebAuthenticationDetails [RemoteIpAddress=0:0:0:0:0:0:0:1, SessionId=B722E4E90605D8026F2481987821C868], Granted Authorities=[ROLE_ADMIN]]
2025-06-10 14:43:12 [http-nio-8080-exec-5] DEBUG o.s.s.web.DefaultRedirectStrategy - Redirecting to /login-success
2025-06-10 14:43:12 [http-nio-8080-exec-6] DEBUG o.s.security.web.FilterChainProxy - Securing GET /login-success
2025-06-10 14:43:12 [http-nio-8080-exec-6] DEBUG o.s.security.web.FilterChainProxy - Secured GET /login-success
2025-06-10 14:43:12 [http-nio-8080-exec-6] DEBUG o.s.s.w.c.HttpSessionSecurityContextRepository - Retrieved SecurityContextImpl [Authentication=UsernamePasswordAuthenticationToken [Principal=com.example.projetpfe.security.CustomUserDetails@273960ad, Credentials=[PROTECTED], Authenticated=true, Details=WebAuthenticationDetails [RemoteIpAddress=0:0:0:0:0:0:0:1, SessionId=B722E4E90605D8026F2481987821C868], Granted Authorities=[ROLE_ADMIN]]]
2025-06-10 14:43:12 [http-nio-8080-exec-7] DEBUG o.s.security.web.FilterChainProxy - Securing GET /admin/agenda
2025-06-10 14:43:12 [http-nio-8080-exec-7] DEBUG o.s.s.w.c.HttpSessionSecurityContextRepository - Retrieved SecurityContextImpl [Authentication=UsernamePasswordAuthenticationToken [Principal=com.example.projetpfe.security.CustomUserDetails@273960ad, Credentials=[PROTECTED], Authenticated=true, Details=WebAuthenticationDetails [RemoteIpAddress=0:0:0:0:0:0:0:1, SessionId=B722E4E90605D8026F2481987821C868], Granted Authorities=[ROLE_ADMIN]]]
2025-06-10 14:43:12 [http-nio-8080-exec-7] DEBUG o.s.security.web.FilterChainProxy - Secured GET /admin/agenda
2025-06-10 14:43:12 [http-nio-8080-exec-8] DEBUG o.s.security.web.FilterChainProxy - Securing GET /favicon.ico
2025-06-10 14:43:12 [http-nio-8080-exec-8] DEBUG o.s.s.w.c.HttpSessionSecurityContextRepository - Retrieved SecurityContextImpl [Authentication=UsernamePasswordAuthenticationToken [Principal=com.example.projetpfe.security.CustomUserDetails@273960ad, Credentials=[PROTECTED], Authenticated=true, Details=WebAuthenticationDetails [RemoteIpAddress=0:0:0:0:0:0:0:1, SessionId=B722E4E90605D8026F2481987821C868], Granted Authorities=[ROLE_ADMIN]]]
2025-06-10 14:43:12 [http-nio-8080-exec-8] DEBUG o.s.security.web.FilterChainProxy - Secured GET /favicon.ico
2025-06-10 14:43:12 [http-nio-8080-exec-8] DEBUG o.s.security.web.FilterChainProxy - Securing GET /error
2025-06-10 14:43:12 [http-nio-8080-exec-8] DEBUG o.s.s.w.c.HttpSessionSecurityContextRepository - Retrieved SecurityContextImpl [Authentication=UsernamePasswordAuthenticationToken [Principal=com.example.projetpfe.security.CustomUserDetails@273960ad, Credentials=[PROTECTED], Authenticated=true, Details=WebAuthenticationDetails [RemoteIpAddress=0:0:0:0:0:0:0:1, SessionId=B722E4E90605D8026F2481987821C868], Granted Authorities=[ROLE_ADMIN]]]
2025-06-10 14:43:12 [http-nio-8080-exec-8] DEBUG o.s.s.w.a.AccessDeniedHandlerImpl - Responding with 403 status code
2025-06-10 14:43:53 [http-nio-8080-exec-10] DEBUG o.s.security.web.FilterChainProxy - Securing GET /logout
2025-06-10 14:43:53 [http-nio-8080-exec-10] DEBUG o.s.s.w.c.HttpSessionSecurityContextRepository - Retrieved SecurityContextImpl [Authentication=UsernamePasswordAuthenticationToken [Principal=com.example.projetpfe.security.CustomUserDetails@273960ad, Credentials=[PROTECTED], Authenticated=true, Details=WebAuthenticationDetails [RemoteIpAddress=0:0:0:0:0:0:0:1, SessionId=B722E4E90605D8026F2481987821C868], Granted Authorities=[ROLE_ADMIN]]]
2025-06-10 14:43:53 [http-nio-8080-exec-10] DEBUG o.s.s.w.a.logout.LogoutFilter - Logging out [UsernamePasswordAuthenticationToken [Principal=com.example.projetpfe.security.CustomUserDetails@273960ad, Credentials=[PROTECTED], Authenticated=true, Details=WebAuthenticationDetails [RemoteIpAddress=0:0:0:0:0:0:0:1, SessionId=B722E4E90605D8026F2481987821C868], Granted Authorities=[ROLE_ADMIN]]]
2025-06-10 14:43:53 [http-nio-8080-exec-10] DEBUG o.s.s.w.a.l.SecurityContextLogoutHandler - Invalidated session 8DEFF55E0EA621B4A4693A7F1A4F35D6
2025-06-10 14:43:53 [http-nio-8080-exec-10] DEBUG o.s.s.web.DefaultRedirectStrategy - Redirecting to /login?logout
2025-06-10 14:43:53 [http-nio-8080-exec-1] DEBUG o.s.security.web.FilterChainProxy - Securing GET /login?logout
2025-06-10 14:43:53 [http-nio-8080-exec-1] DEBUG o.s.s.w.a.AnonymousAuthenticationFilter - Set SecurityContextHolder to anonymous SecurityContext
2025-06-10 14:43:53 [http-nio-8080-exec-1] DEBUG o.s.security.web.FilterChainProxy - Secured GET /login?logout
2025-06-10 14:43:53 [http-nio-8080-exec-1] DEBUG c.e.p.controller.AuthController - Accès à la page de login - Query string: logout
2025-06-10 14:43:53 [http-nio-8080-exec-1] DEBUG c.e.p.controller.AuthController - Vérification du blocage pour l'IP: 0:0:0:0:0:0:0:1
2025-06-10 14:43:53 [http-nio-8080-exec-1] DEBUG c.e.p.controller.AuthController - IP non bloquée
2025-06-10 14:43:53 [http-nio-8080-exec-2] DEBUG o.s.security.web.FilterChainProxy - Securing GET /favicon.ico
2025-06-10 14:43:53 [http-nio-8080-exec-2] DEBUG o.s.s.w.a.AnonymousAuthenticationFilter - Set SecurityContextHolder to anonymous SecurityContext
2025-06-10 14:43:53 [http-nio-8080-exec-2] DEBUG o.s.s.web.DefaultRedirectStrategy - Redirecting to http://localhost:8080/login
2025-06-10 14:43:53 [http-nio-8080-exec-3] DEBUG o.s.security.web.FilterChainProxy - Securing GET /login
2025-06-10 14:43:53 [http-nio-8080-exec-3] DEBUG o.s.s.w.a.AnonymousAuthenticationFilter - Set SecurityContextHolder to anonymous SecurityContext
2025-06-10 14:43:53 [http-nio-8080-exec-3] DEBUG o.s.security.web.FilterChainProxy - Secured GET /login
2025-06-10 14:43:53 [http-nio-8080-exec-3] DEBUG c.e.p.controller.AuthController - Accès à la page de login - Query string: null
2025-06-10 14:43:53 [http-nio-8080-exec-3] DEBUG c.e.p.controller.AuthController - Vérification du blocage pour l'IP: 0:0:0:0:0:0:0:1
2025-06-10 14:43:53 [http-nio-8080-exec-3] DEBUG c.e.p.controller.AuthController - IP non bloquée
2025-06-10 14:44:06 [http-nio-8080-exec-4] DEBUG o.s.security.web.FilterChainProxy - Securing POST /login
2025-06-10 14:44:06 [http-nio-8080-exec-4] DEBUG o.s.s.a.d.DaoAuthenticationProvider - Authenticated user
2025-06-10 14:44:06 [http-nio-8080-exec-4] DEBUG o.s.s.w.a.s.ChangeSessionIdAuthenticationStrategy - Changed session id from 70B58964A2C10356DBE0D144678D6BD8
2025-06-10 14:44:06 [http-nio-8080-exec-4] DEBUG o.s.s.c.session.SessionRegistryImpl - Registering session F05352CF64113F0847FA451DD95FF3D0, for principal com.example.projetpfe.security.CustomUserDetails@27b1d423
2025-06-10 14:44:06 [http-nio-8080-exec-4] DEBUG o.s.s.w.c.CsrfAuthenticationStrategy - Replaced CSRF Token
2025-06-10 14:44:06 [http-nio-8080-exec-4] DEBUG o.s.s.w.c.HttpSessionSecurityContextRepository - Stored SecurityContextImpl [Authentication=UsernamePasswordAuthenticationToken [Principal=com.example.projetpfe.security.CustomUserDetails@27b1d423, Credentials=[PROTECTED], Authenticated=true, Details=WebAuthenticationDetails [RemoteIpAddress=0:0:0:0:0:0:0:1, SessionId=70B58964A2C10356DBE0D144678D6BD8], Granted Authorities=[ROLE_SUPER_ADMIN]]] to HttpSession [org.apache.catalina.session.StandardSessionFacade@76d55043]
2025-06-10 14:44:06 [http-nio-8080-exec-4] DEBUG o.s.s.w.a.UsernamePasswordAuthenticationFilter - Set SecurityContextHolder to UsernamePasswordAuthenticationToken [Principal=com.example.projetpfe.security.CustomUserDetails@27b1d423, Credentials=[PROTECTED], Authenticated=true, Details=WebAuthenticationDetails [RemoteIpAddress=0:0:0:0:0:0:0:1, SessionId=70B58964A2C10356DBE0D144678D6BD8], Granted Authorities=[ROLE_SUPER_ADMIN]]
2025-06-10 14:44:06 [http-nio-8080-exec-4] DEBUG o.s.s.web.DefaultRedirectStrategy - Redirecting to /login-success
2025-06-10 14:44:06 [http-nio-8080-exec-5] DEBUG o.s.security.web.FilterChainProxy - Securing GET /login-success
2025-06-10 14:44:06 [http-nio-8080-exec-5] DEBUG o.s.security.web.FilterChainProxy - Secured GET /login-success
2025-06-10 14:44:06 [http-nio-8080-exec-5] DEBUG o.s.s.w.c.HttpSessionSecurityContextRepository - Retrieved SecurityContextImpl [Authentication=UsernamePasswordAuthenticationToken [Principal=com.example.projetpfe.security.CustomUserDetails@27b1d423, Credentials=[PROTECTED], Authenticated=true, Details=WebAuthenticationDetails [RemoteIpAddress=0:0:0:0:0:0:0:1, SessionId=70B58964A2C10356DBE0D144678D6BD8], Granted Authorities=[ROLE_SUPER_ADMIN]]]
2025-06-10 14:44:06 [http-nio-8080-exec-6] DEBUG o.s.security.web.FilterChainProxy - Securing GET /admin/agenda
2025-06-10 14:44:06 [http-nio-8080-exec-6] DEBUG o.s.s.w.c.HttpSessionSecurityContextRepository - Retrieved SecurityContextImpl [Authentication=UsernamePasswordAuthenticationToken [Principal=com.example.projetpfe.security.CustomUserDetails@27b1d423, Credentials=[PROTECTED], Authenticated=true, Details=WebAuthenticationDetails [RemoteIpAddress=0:0:0:0:0:0:0:1, SessionId=70B58964A2C10356DBE0D144678D6BD8], Granted Authorities=[ROLE_SUPER_ADMIN]]]
2025-06-10 14:44:06 [http-nio-8080-exec-6] DEBUG o.s.security.web.FilterChainProxy - Secured GET /admin/agenda
2025-06-10 14:44:06 [http-nio-8080-exec-7] DEBUG o.s.security.web.FilterChainProxy - Securing GET /favicon.ico
2025-06-10 14:44:06 [http-nio-8080-exec-7] DEBUG o.s.s.w.c.HttpSessionSecurityContextRepository - Retrieved SecurityContextImpl [Authentication=UsernamePasswordAuthenticationToken [Principal=com.example.projetpfe.security.CustomUserDetails@27b1d423, Credentials=[PROTECTED], Authenticated=true, Details=WebAuthenticationDetails [RemoteIpAddress=0:0:0:0:0:0:0:1, SessionId=70B58964A2C10356DBE0D144678D6BD8], Granted Authorities=[ROLE_SUPER_ADMIN]]]
2025-06-10 14:44:06 [http-nio-8080-exec-7] DEBUG o.s.security.web.FilterChainProxy - Secured GET /favicon.ico
2025-06-10 14:44:06 [http-nio-8080-exec-7] DEBUG o.s.security.web.FilterChainProxy - Securing GET /error
2025-06-10 14:44:06 [http-nio-8080-exec-7] DEBUG o.s.s.w.c.HttpSessionSecurityContextRepository - Retrieved SecurityContextImpl [Authentication=UsernamePasswordAuthenticationToken [Principal=com.example.projetpfe.security.CustomUserDetails@27b1d423, Credentials=[PROTECTED], Authenticated=true, Details=WebAuthenticationDetails [RemoteIpAddress=0:0:0:0:0:0:0:1, SessionId=70B58964A2C10356DBE0D144678D6BD8], Granted Authorities=[ROLE_SUPER_ADMIN]]]
2025-06-10 14:44:06 [http-nio-8080-exec-7] DEBUG o.s.s.w.a.AccessDeniedHandlerImpl - Responding with 403 status code
2025-06-10 14:44:18 [http-nio-8080-exec-8] DEBUG o.s.security.web.FilterChainProxy - Securing GET /
2025-06-10 14:44:18 [http-nio-8080-exec-8] DEBUG o.s.s.w.a.AnonymousAuthenticationFilter - Set SecurityContextHolder to anonymous SecurityContext
2025-06-10 14:44:18 [http-nio-8080-exec-8] DEBUG o.s.s.w.s.HttpSessionRequestCache - Saved request http://5d78-41-92-55-73.ngrok-free.app/?continue to session
2025-06-10 14:44:18 [http-nio-8080-exec-8] DEBUG o.s.s.web.DefaultRedirectStrategy - Redirecting to http://5d78-41-92-55-73.ngrok-free.app/login
2025-06-10 14:44:18 [http-nio-8080-exec-9] DEBUG o.s.security.web.FilterChainProxy - Securing GET /
2025-06-10 14:44:18 [http-nio-8080-exec-9] DEBUG o.s.s.w.a.AnonymousAuthenticationFilter - Set SecurityContextHolder to anonymous SecurityContext
2025-06-10 14:44:18 [http-nio-8080-exec-9] DEBUG o.s.s.w.s.HttpSessionRequestCache - Saved request http://5d78-41-92-55-73.ngrok-free.app/?continue to session
2025-06-10 14:44:18 [http-nio-8080-exec-9] DEBUG o.s.s.web.DefaultRedirectStrategy - Redirecting to http://5d78-41-92-55-73.ngrok-free.app/login
2025-06-10 14:44:18 [http-nio-8080-exec-10] DEBUG o.s.security.web.FilterChainProxy - Securing GET /login
2025-06-10 14:44:18 [http-nio-8080-exec-10] DEBUG o.s.s.w.a.AnonymousAuthenticationFilter - Set SecurityContextHolder to anonymous SecurityContext
2025-06-10 14:44:18 [http-nio-8080-exec-10] DEBUG o.s.security.web.FilterChainProxy - Secured GET /login
2025-06-10 14:44:18 [http-nio-8080-exec-10] DEBUG c.e.p.controller.AuthController - Accès à la page de login - Query string: null
2025-06-10 14:44:18 [http-nio-8080-exec-10] DEBUG c.e.p.controller.AuthController - Vérification du blocage pour l'IP: 41.92.55.73
2025-06-10 14:44:18 [http-nio-8080-exec-10] DEBUG c.e.p.controller.AuthController - IP non bloquée
2025-06-10 14:48:47 [http-nio-8080-exec-4] DEBUG o.s.security.web.FilterChainProxy - Securing GET /
2025-06-10 14:48:47 [http-nio-8080-exec-4] DEBUG o.s.s.w.a.AnonymousAuthenticationFilter - Set SecurityContextHolder to anonymous SecurityContext
2025-06-10 14:48:47 [http-nio-8080-exec-4] DEBUG o.s.s.w.s.HttpSessionRequestCache - Saved request http://5d78-41-92-55-73.ngrok-free.app/?continue to session
2025-06-10 14:48:47 [http-nio-8080-exec-4] DEBUG o.s.s.web.DefaultRedirectStrategy - Redirecting to http://5d78-41-92-55-73.ngrok-free.app/login
2025-06-10 14:48:48 [http-nio-8080-exec-5] DEBUG o.s.security.web.FilterChainProxy - Securing GET /login
2025-06-10 14:48:48 [http-nio-8080-exec-5] DEBUG o.s.s.w.a.AnonymousAuthenticationFilter - Set SecurityContextHolder to anonymous SecurityContext
2025-06-10 14:48:48 [http-nio-8080-exec-5] DEBUG o.s.security.web.FilterChainProxy - Secured GET /login
2025-06-10 14:48:48 [http-nio-8080-exec-5] DEBUG c.e.p.controller.AuthController - Accès à la page de login - Query string: null
2025-06-10 14:48:48 [http-nio-8080-exec-5] DEBUG c.e.p.controller.AuthController - Vérification du blocage pour l'IP: 41.92.6.156
2025-06-10 14:48:48 [http-nio-8080-exec-5] DEBUG c.e.p.controller.AuthController - IP non bloquée
2025-06-10 14:48:48 [http-nio-8080-exec-6] DEBUG o.s.security.web.FilterChainProxy - Securing GET /favicon.ico
2025-06-10 14:48:48 [http-nio-8080-exec-6] DEBUG o.s.s.w.a.AnonymousAuthenticationFilter - Set SecurityContextHolder to anonymous SecurityContext
2025-06-10 14:48:48 [http-nio-8080-exec-6] DEBUG o.s.s.web.DefaultRedirectStrategy - Redirecting to http://5d78-41-92-55-73.ngrok-free.app/login
2025-06-10 14:49:00 [http-nio-8080-exec-7] DEBUG o.s.security.web.FilterChainProxy - Securing GET /
2025-06-10 14:49:00 [http-nio-8080-exec-7] DEBUG o.s.s.w.a.AnonymousAuthenticationFilter - Set SecurityContextHolder to anonymous SecurityContext
2025-06-10 14:49:00 [http-nio-8080-exec-7] DEBUG o.s.s.w.s.HttpSessionRequestCache - Saved request http://5d78-41-92-55-73.ngrok-free.app/?continue to session
2025-06-10 14:49:00 [http-nio-8080-exec-7] DEBUG o.s.s.web.DefaultRedirectStrategy - Redirecting to http://5d78-41-92-55-73.ngrok-free.app/login
2025-06-10 14:49:00 [http-nio-8080-exec-8] DEBUG o.s.security.web.FilterChainProxy - Securing GET /login
2025-06-10 14:49:00 [http-nio-8080-exec-8] DEBUG o.s.s.w.a.AnonymousAuthenticationFilter - Set SecurityContextHolder to anonymous SecurityContext
2025-06-10 14:49:00 [http-nio-8080-exec-8] DEBUG o.s.security.web.FilterChainProxy - Secured GET /login
2025-06-10 14:49:00 [http-nio-8080-exec-8] DEBUG c.e.p.controller.AuthController - Accès à la page de login - Query string: null
2025-06-10 14:49:00 [http-nio-8080-exec-8] DEBUG c.e.p.controller.AuthController - Vérification du blocage pour l'IP: 41.92.6.156
2025-06-10 14:49:00 [http-nio-8080-exec-8] DEBUG c.e.p.controller.AuthController - IP non bloquée
2025-06-10 14:49:01 [http-nio-8080-exec-9] DEBUG o.s.security.web.FilterChainProxy - Securing GET /favicon.ico
2025-06-10 14:49:01 [http-nio-8080-exec-9] DEBUG o.s.s.w.a.AnonymousAuthenticationFilter - Set SecurityContextHolder to anonymous SecurityContext
2025-06-10 14:49:01 [http-nio-8080-exec-9] DEBUG o.s.s.web.DefaultRedirectStrategy - Redirecting to http://5d78-41-92-55-73.ngrok-free.app/login
2025-06-10 14:54:42 [SpringApplicationShutdownHook] INFO  o.s.o.j.LocalContainerEntityManagerFactoryBean - Closing JPA EntityManagerFactory for persistence unit 'default'
2025-06-10 14:54:42 [SpringApplicationShutdownHook] INFO  com.zaxxer.hikari.HikariDataSource - HikariPool-1 - Shutdown initiated...
2025-06-10 14:54:42 [SpringApplicationShutdownHook] INFO  com.zaxxer.hikari.HikariDataSource - HikariPool-1 - Shutdown completed.
