2025-05-26 10:03:35 [background-preinit] INFO  o.h.validator.internal.util.Version - HV000001: Hibernate Validator 8.0.0.Final
2025-05-26 10:03:35 [main] INFO  c.e.projetpfe.ProjetPfeApplication - Starting ProjetPfeApplication using Java 17.0.12 with PID 8016 (C:\Users\hiba3\PROJETPFE\target\classes started by hiba3 in C:\Users\hiba3\PROJETPFE)
2025-05-26 10:03:35 [main] INFO  c.e.projetpfe.ProjetPfeApplication - No active profile set, falling back to 1 default profile: "default"
2025-05-26 10:03:36 [main] INFO  o.s.d.r.c.RepositoryConfigurationDelegate - Bootstrapping Spring Data JPA repositories in DEFAULT mode.
2025-05-26 10:03:36 [main] INFO  o.s.d.r.c.RepositoryConfigurationDelegate - Finished Spring Data repository scanning in 94 ms. Found 7 JPA repository interfaces.
2025-05-26 10:03:37 [main] INFO  o.s.b.w.e.tomcat.TomcatWebServer - Tomcat initialized with port(s): 8080 (http)
2025-05-26 10:03:37 [main] INFO  o.a.coyote.http11.Http11NioProtocol - Initializing ProtocolHandler ["http-nio-8080"]
2025-05-26 10:03:37 [main] INFO  o.a.catalina.core.StandardService - Starting service [Tomcat]
2025-05-26 10:03:37 [main] INFO  o.a.catalina.core.StandardEngine - Starting Servlet engine: [Apache Tomcat/10.1.1]
2025-05-26 10:03:37 [main] INFO  o.a.c.c.C.[Tomcat].[localhost].[/] - Initializing Spring embedded WebApplicationContext
2025-05-26 10:03:37 [main] INFO  o.s.b.w.s.c.ServletWebServerApplicationContext - Root WebApplicationContext: initialization completed in 1710 ms
2025-05-26 10:03:37 [main] INFO  o.h.jpa.internal.util.LogHelper - HHH000204: Processing PersistenceUnitInfo [name: default]
2025-05-26 10:03:37 [main] INFO  org.hibernate.Version - HHH000412: Hibernate ORM core version 6.1.5.Final
2025-05-26 10:03:38 [main] WARN  org.hibernate.orm.deprecation - HHH90000021: Encountered deprecated setting [javax.persistence.sharedCache.mode], use [jakarta.persistence.sharedCache.mode] instead
2025-05-26 10:03:38 [main] INFO  com.zaxxer.hikari.HikariDataSource - HikariPool-1 - Starting...
2025-05-26 10:03:38 [main] INFO  com.zaxxer.hikari.pool.HikariPool - HikariPool-1 - Added connection org.postgresql.jdbc.PgConnection@5112b7
2025-05-26 10:03:38 [main] INFO  com.zaxxer.hikari.HikariDataSource - HikariPool-1 - Start completed.
2025-05-26 10:03:38 [main] INFO  SQL dialect - HHH000400: Using dialect: org.hibernate.dialect.PostgreSQLDialect
2025-05-26 10:03:40 [main] INFO  o.h.e.t.j.p.i.JtaPlatformInitiator - HHH000490: Using JtaPlatform implementation: [org.hibernate.engine.transaction.jta.platform.internal.NoJtaPlatform]
2025-05-26 10:03:40 [main] INFO  o.s.o.j.LocalContainerEntityManagerFactoryBean - Initialized JPA EntityManagerFactory for persistence unit 'default'
2025-05-26 10:03:41 [main] WARN  o.s.b.a.o.j.JpaBaseConfiguration$JpaWebConfiguration - spring.jpa.open-in-view is enabled by default. Therefore, database queries may be performed during view rendering. Explicitly configure spring.jpa.open-in-view to disable this warning
2025-05-26 10:03:41 [main] INFO  o.s.b.a.w.s.WelcomePageHandlerMapping - Adding welcome page template: index
2025-05-26 10:03:41 [main] INFO  o.s.s.web.DefaultSecurityFilterChain - Will secure any request with [org.springframework.security.web.session.DisableEncodeUrlFilter@272600e1, org.springframework.security.web.context.request.async.WebAsyncManagerIntegrationFilter@1c1b9de9, org.springframework.security.web.context.SecurityContextHolderFilter@418f5f63, org.springframework.security.web.header.HeaderWriterFilter@6859080d, org.springframework.security.web.csrf.CsrfFilter@6375af2a, org.springframework.security.web.authentication.logout.LogoutFilter@1e31e7e0, org.springframework.security.web.authentication.UsernamePasswordAuthenticationFilter@46791608, org.springframework.security.web.session.ConcurrentSessionFilter@2400673b, org.springframework.security.web.savedrequest.RequestCacheAwareFilter@28023029, org.springframework.security.web.servletapi.SecurityContextHolderAwareRequestFilter@5d8b5cf6, org.springframework.security.web.authentication.AnonymousAuthenticationFilter@125c1134, org.springframework.security.web.session.SessionManagementFilter@1a9ce44, org.springframework.security.web.access.ExceptionTranslationFilter@10e5471d, org.springframework.security.web.access.intercept.AuthorizationFilter@77b987f3]
2025-05-26 10:03:41 [main] INFO  o.a.coyote.http11.Http11NioProtocol - Starting ProtocolHandler ["http-nio-8080"]
2025-05-26 10:03:41 [main] INFO  o.s.b.w.e.tomcat.TomcatWebServer - Tomcat started on port(s): 8080 (http) with context path ''
2025-05-26 10:03:42 [main] INFO  c.e.projetpfe.ProjetPfeApplication - Started ProjetPfeApplication in 6.632 seconds (process running for 7.829)
2025-05-26 10:04:07 [http-nio-8080-exec-1] INFO  o.a.c.c.C.[Tomcat].[localhost].[/] - Initializing Spring DispatcherServlet 'dispatcherServlet'
2025-05-26 10:04:07 [http-nio-8080-exec-1] INFO  o.s.web.servlet.DispatcherServlet - Initializing Servlet 'dispatcherServlet'
2025-05-26 10:04:07 [http-nio-8080-exec-1] INFO  o.s.web.servlet.DispatcherServlet - Completed initialization in 1 ms
2025-05-26 10:04:07 [http-nio-8080-exec-1] DEBUG o.s.security.web.FilterChainProxy - Securing GET /login
2025-05-26 10:04:07 [http-nio-8080-exec-1] DEBUG o.s.s.w.a.AnonymousAuthenticationFilter - Set SecurityContextHolder to anonymous SecurityContext
2025-05-26 10:04:07 [http-nio-8080-exec-1] DEBUG o.s.security.web.FilterChainProxy - Secured GET /login
2025-05-26 10:04:07 [http-nio-8080-exec-1] DEBUG c.e.p.controller.AuthController - Accès à la page de login - Query string: null
2025-05-26 10:04:07 [http-nio-8080-exec-1] DEBUG c.e.p.controller.AuthController - Vérification du blocage pour l'IP: 0:0:0:0:0:0:0:1
2025-05-26 10:04:07 [http-nio-8080-exec-1] DEBUG c.e.p.controller.AuthController - IP non bloquée
2025-05-26 10:04:07 [http-nio-8080-exec-2] DEBUG o.s.security.web.FilterChainProxy - Securing GET /favicon.ico
2025-05-26 10:04:07 [http-nio-8080-exec-2] DEBUG o.s.s.w.a.AnonymousAuthenticationFilter - Set SecurityContextHolder to anonymous SecurityContext
2025-05-26 10:04:07 [http-nio-8080-exec-2] DEBUG o.s.s.web.DefaultRedirectStrategy - Redirecting to http://localhost:8080/login
2025-05-26 10:04:07 [http-nio-8080-exec-3] DEBUG o.s.security.web.FilterChainProxy - Securing GET /login
2025-05-26 10:04:07 [http-nio-8080-exec-3] DEBUG o.s.s.w.a.AnonymousAuthenticationFilter - Set SecurityContextHolder to anonymous SecurityContext
2025-05-26 10:04:07 [http-nio-8080-exec-3] DEBUG o.s.security.web.FilterChainProxy - Secured GET /login
2025-05-26 10:04:07 [http-nio-8080-exec-3] DEBUG c.e.p.controller.AuthController - Accès à la page de login - Query string: null
2025-05-26 10:04:07 [http-nio-8080-exec-3] DEBUG c.e.p.controller.AuthController - Vérification du blocage pour l'IP: 0:0:0:0:0:0:0:1
2025-05-26 10:04:07 [http-nio-8080-exec-3] DEBUG c.e.p.controller.AuthController - IP non bloquée
2025-05-26 10:04:14 [http-nio-8080-exec-6] DEBUG o.s.security.web.FilterChainProxy - Securing POST /login
2025-05-26 10:04:15 [http-nio-8080-exec-6] DEBUG o.s.s.a.d.DaoAuthenticationProvider - Authenticated user
2025-05-26 10:04:15 [http-nio-8080-exec-6] DEBUG o.s.s.w.a.s.ChangeSessionIdAuthenticationStrategy - Changed session id from DFD5CCDE214F77E11B5B97AFF051DEC4
2025-05-26 10:04:15 [http-nio-8080-exec-6] DEBUG o.s.s.c.session.SessionRegistryImpl - Registering session 7EDF78FB595F46FF60FC509FA2C990B9, for principal com.example.projetpfe.security.CustomUserDetails@3348f535
2025-05-26 10:04:15 [http-nio-8080-exec-6] DEBUG o.s.s.w.c.CsrfAuthenticationStrategy - Replaced CSRF Token
2025-05-26 10:04:15 [http-nio-8080-exec-6] DEBUG o.s.s.w.c.HttpSessionSecurityContextRepository - Stored SecurityContextImpl [Authentication=UsernamePasswordAuthenticationToken [Principal=com.example.projetpfe.security.CustomUserDetails@3348f535, Credentials=[PROTECTED], Authenticated=true, Details=WebAuthenticationDetails [RemoteIpAddress=0:0:0:0:0:0:0:1, SessionId=DFD5CCDE214F77E11B5B97AFF051DEC4], Granted Authorities=[ROLE_SUPER_ADMIN]]] to HttpSession [org.apache.catalina.session.StandardSessionFacade@39edb94d]
2025-05-26 10:04:15 [http-nio-8080-exec-6] DEBUG o.s.s.w.a.UsernamePasswordAuthenticationFilter - Set SecurityContextHolder to UsernamePasswordAuthenticationToken [Principal=com.example.projetpfe.security.CustomUserDetails@3348f535, Credentials=[PROTECTED], Authenticated=true, Details=WebAuthenticationDetails [RemoteIpAddress=0:0:0:0:0:0:0:1, SessionId=DFD5CCDE214F77E11B5B97AFF051DEC4], Granted Authorities=[ROLE_SUPER_ADMIN]]
2025-05-26 10:04:15 [http-nio-8080-exec-6] DEBUG o.s.s.web.DefaultRedirectStrategy - Redirecting to /login-success
2025-05-26 10:04:15 [http-nio-8080-exec-4] DEBUG o.s.security.web.FilterChainProxy - Securing GET /login-success
2025-05-26 10:04:15 [http-nio-8080-exec-4] DEBUG o.s.security.web.FilterChainProxy - Secured GET /login-success
2025-05-26 10:04:15 [http-nio-8080-exec-4] DEBUG o.s.s.w.c.HttpSessionSecurityContextRepository - Retrieved SecurityContextImpl [Authentication=UsernamePasswordAuthenticationToken [Principal=com.example.projetpfe.security.CustomUserDetails@3348f535, Credentials=[PROTECTED], Authenticated=true, Details=WebAuthenticationDetails [RemoteIpAddress=0:0:0:0:0:0:0:1, SessionId=DFD5CCDE214F77E11B5B97AFF051DEC4], Granted Authorities=[ROLE_SUPER_ADMIN]]]
2025-05-26 10:04:15 [http-nio-8080-exec-4] DEBUG o.s.security.web.FilterChainProxy - Securing GET /admin/agenda
2025-05-26 10:04:15 [http-nio-8080-exec-4] DEBUG o.s.s.w.c.HttpSessionSecurityContextRepository - Retrieved SecurityContextImpl [Authentication=UsernamePasswordAuthenticationToken [Principal=com.example.projetpfe.security.CustomUserDetails@3348f535, Credentials=[PROTECTED], Authenticated=true, Details=WebAuthenticationDetails [RemoteIpAddress=0:0:0:0:0:0:0:1, SessionId=DFD5CCDE214F77E11B5B97AFF051DEC4], Granted Authorities=[ROLE_SUPER_ADMIN]]]
2025-05-26 10:04:15 [http-nio-8080-exec-4] DEBUG o.s.security.web.FilterChainProxy - Secured GET /admin/agenda
2025-05-26 10:04:15 [http-nio-8080-exec-8] DEBUG o.s.security.web.FilterChainProxy - Securing GET /favicon.ico
2025-05-26 10:04:15 [http-nio-8080-exec-8] DEBUG o.s.s.w.c.HttpSessionSecurityContextRepository - Retrieved SecurityContextImpl [Authentication=UsernamePasswordAuthenticationToken [Principal=com.example.projetpfe.security.CustomUserDetails@3348f535, Credentials=[PROTECTED], Authenticated=true, Details=WebAuthenticationDetails [RemoteIpAddress=0:0:0:0:0:0:0:1, SessionId=DFD5CCDE214F77E11B5B97AFF051DEC4], Granted Authorities=[ROLE_SUPER_ADMIN]]]
2025-05-26 10:04:15 [http-nio-8080-exec-8] DEBUG o.s.security.web.FilterChainProxy - Secured GET /favicon.ico
2025-05-26 10:04:15 [http-nio-8080-exec-8] DEBUG o.s.security.web.FilterChainProxy - Securing GET /error
2025-05-26 10:04:15 [http-nio-8080-exec-8] DEBUG o.s.s.w.c.HttpSessionSecurityContextRepository - Retrieved SecurityContextImpl [Authentication=UsernamePasswordAuthenticationToken [Principal=com.example.projetpfe.security.CustomUserDetails@3348f535, Credentials=[PROTECTED], Authenticated=true, Details=WebAuthenticationDetails [RemoteIpAddress=0:0:0:0:0:0:0:1, SessionId=DFD5CCDE214F77E11B5B97AFF051DEC4], Granted Authorities=[ROLE_SUPER_ADMIN]]]
2025-05-26 10:04:15 [http-nio-8080-exec-8] DEBUG o.s.s.w.a.AccessDeniedHandlerImpl - Responding with 403 status code
2025-05-26 10:04:19 [http-nio-8080-exec-9] DEBUG o.s.security.web.FilterChainProxy - Securing GET /admin/reports/questionnaire
2025-05-26 10:04:19 [http-nio-8080-exec-9] DEBUG o.s.s.w.c.HttpSessionSecurityContextRepository - Retrieved SecurityContextImpl [Authentication=UsernamePasswordAuthenticationToken [Principal=com.example.projetpfe.security.CustomUserDetails@3348f535, Credentials=[PROTECTED], Authenticated=true, Details=WebAuthenticationDetails [RemoteIpAddress=0:0:0:0:0:0:0:1, SessionId=DFD5CCDE214F77E11B5B97AFF051DEC4], Granted Authorities=[ROLE_SUPER_ADMIN]]]
2025-05-26 10:04:19 [http-nio-8080-exec-9] DEBUG o.s.security.web.FilterChainProxy - Secured GET /admin/reports/questionnaire
2025-05-26 10:04:19 [http-nio-8080-exec-1] DEBUG o.s.security.web.FilterChainProxy - Securing GET /admin/reports/api/regions
2025-05-26 10:04:19 [http-nio-8080-exec-10] DEBUG o.s.security.web.FilterChainProxy - Securing GET /admin/reports/api/data
2025-05-26 10:04:19 [http-nio-8080-exec-2] DEBUG o.s.security.web.FilterChainProxy - Securing GET /admin/reports/api/branches
2025-05-26 10:04:19 [http-nio-8080-exec-1] DEBUG o.s.s.w.c.HttpSessionSecurityContextRepository - Retrieved SecurityContextImpl [Authentication=UsernamePasswordAuthenticationToken [Principal=com.example.projetpfe.security.CustomUserDetails@3348f535, Credentials=[PROTECTED], Authenticated=true, Details=WebAuthenticationDetails [RemoteIpAddress=0:0:0:0:0:0:0:1, SessionId=DFD5CCDE214F77E11B5B97AFF051DEC4], Granted Authorities=[ROLE_SUPER_ADMIN]]]
2025-05-26 10:04:19 [http-nio-8080-exec-1] DEBUG o.s.security.web.FilterChainProxy - Secured GET /admin/reports/api/regions
2025-05-26 10:04:19 [http-nio-8080-exec-10] DEBUG o.s.s.w.c.HttpSessionSecurityContextRepository - Retrieved SecurityContextImpl [Authentication=UsernamePasswordAuthenticationToken [Principal=com.example.projetpfe.security.CustomUserDetails@3348f535, Credentials=[PROTECTED], Authenticated=true, Details=WebAuthenticationDetails [RemoteIpAddress=0:0:0:0:0:0:0:1, SessionId=DFD5CCDE214F77E11B5B97AFF051DEC4], Granted Authorities=[ROLE_SUPER_ADMIN]]]
2025-05-26 10:04:19 [http-nio-8080-exec-10] DEBUG o.s.security.web.FilterChainProxy - Secured GET /admin/reports/api/data
2025-05-26 10:04:19 [http-nio-8080-exec-2] DEBUG o.s.s.w.c.HttpSessionSecurityContextRepository - Retrieved SecurityContextImpl [Authentication=UsernamePasswordAuthenticationToken [Principal=com.example.projetpfe.security.CustomUserDetails@3348f535, Credentials=[PROTECTED], Authenticated=true, Details=WebAuthenticationDetails [RemoteIpAddress=0:0:0:0:0:0:0:1, SessionId=DFD5CCDE214F77E11B5B97AFF051DEC4], Granted Authorities=[ROLE_SUPER_ADMIN]]]
2025-05-26 10:04:19 [http-nio-8080-exec-2] DEBUG o.s.security.web.FilterChainProxy - Secured GET /admin/reports/api/branches
2025-05-26 10:04:19 [http-nio-8080-exec-3] DEBUG o.s.security.web.FilterChainProxy - Securing GET /favicon.ico
2025-05-26 10:04:19 [http-nio-8080-exec-3] DEBUG o.s.s.w.c.HttpSessionSecurityContextRepository - Retrieved SecurityContextImpl [Authentication=UsernamePasswordAuthenticationToken [Principal=com.example.projetpfe.security.CustomUserDetails@3348f535, Credentials=[PROTECTED], Authenticated=true, Details=WebAuthenticationDetails [RemoteIpAddress=0:0:0:0:0:0:0:1, SessionId=DFD5CCDE214F77E11B5B97AFF051DEC4], Granted Authorities=[ROLE_SUPER_ADMIN]]]
2025-05-26 10:04:19 [http-nio-8080-exec-3] DEBUG o.s.security.web.FilterChainProxy - Secured GET /favicon.ico
2025-05-26 10:04:19 [http-nio-8080-exec-3] DEBUG o.s.security.web.FilterChainProxy - Securing GET /error
2025-05-26 10:04:19 [http-nio-8080-exec-3] DEBUG o.s.s.w.c.HttpSessionSecurityContextRepository - Retrieved SecurityContextImpl [Authentication=UsernamePasswordAuthenticationToken [Principal=com.example.projetpfe.security.CustomUserDetails@3348f535, Credentials=[PROTECTED], Authenticated=true, Details=WebAuthenticationDetails [RemoteIpAddress=0:0:0:0:0:0:0:1, SessionId=DFD5CCDE214F77E11B5B97AFF051DEC4], Granted Authorities=[ROLE_SUPER_ADMIN]]]
2025-05-26 10:04:19 [http-nio-8080-exec-3] DEBUG o.s.s.w.a.AccessDeniedHandlerImpl - Responding with 403 status code
2025-05-26 10:04:19 [http-nio-8080-exec-7] DEBUG o.s.security.web.FilterChainProxy - Securing GET /admin/reports/api/regions
2025-05-26 10:04:19 [http-nio-8080-exec-7] DEBUG o.s.s.w.c.HttpSessionSecurityContextRepository - Retrieved SecurityContextImpl [Authentication=UsernamePasswordAuthenticationToken [Principal=com.example.projetpfe.security.CustomUserDetails@3348f535, Credentials=[PROTECTED], Authenticated=true, Details=WebAuthenticationDetails [RemoteIpAddress=0:0:0:0:0:0:0:1, SessionId=DFD5CCDE214F77E11B5B97AFF051DEC4], Granted Authorities=[ROLE_SUPER_ADMIN]]]
2025-05-26 10:04:19 [http-nio-8080-exec-7] DEBUG o.s.security.web.FilterChainProxy - Secured GET /admin/reports/api/regions
2025-05-26 10:04:19 [http-nio-8080-exec-5] DEBUG o.s.security.web.FilterChainProxy - Securing GET /admin/reports/api/data
2025-05-26 10:04:19 [http-nio-8080-exec-5] DEBUG o.s.s.w.c.HttpSessionSecurityContextRepository - Retrieved SecurityContextImpl [Authentication=UsernamePasswordAuthenticationToken [Principal=com.example.projetpfe.security.CustomUserDetails@3348f535, Credentials=[PROTECTED], Authenticated=true, Details=WebAuthenticationDetails [RemoteIpAddress=0:0:0:0:0:0:0:1, SessionId=DFD5CCDE214F77E11B5B97AFF051DEC4], Granted Authorities=[ROLE_SUPER_ADMIN]]]
2025-05-26 10:04:19 [http-nio-8080-exec-5] DEBUG o.s.security.web.FilterChainProxy - Secured GET /admin/reports/api/data
2025-05-26 10:04:19 [http-nio-8080-exec-6] DEBUG o.s.security.web.FilterChainProxy - Securing GET /admin/reports/api/data/agent-performance
2025-05-26 10:04:19 [http-nio-8080-exec-6] DEBUG o.s.s.w.c.HttpSessionSecurityContextRepository - Retrieved SecurityContextImpl [Authentication=UsernamePasswordAuthenticationToken [Principal=com.example.projetpfe.security.CustomUserDetails@3348f535, Credentials=[PROTECTED], Authenticated=true, Details=WebAuthenticationDetails [RemoteIpAddress=0:0:0:0:0:0:0:1, SessionId=DFD5CCDE214F77E11B5B97AFF051DEC4], Granted Authorities=[ROLE_SUPER_ADMIN]]]
2025-05-26 10:04:19 [http-nio-8080-exec-6] DEBUG o.s.security.web.FilterChainProxy - Secured GET /admin/reports/api/data/agent-performance
2025-05-26 10:04:20 [http-nio-8080-exec-4] DEBUG o.s.security.web.FilterChainProxy - Securing GET /admin/reports/api/data/agent-performance
2025-05-26 10:04:20 [http-nio-8080-exec-4] DEBUG o.s.s.w.c.HttpSessionSecurityContextRepository - Retrieved SecurityContextImpl [Authentication=UsernamePasswordAuthenticationToken [Principal=com.example.projetpfe.security.CustomUserDetails@3348f535, Credentials=[PROTECTED], Authenticated=true, Details=WebAuthenticationDetails [RemoteIpAddress=0:0:0:0:0:0:0:1, SessionId=DFD5CCDE214F77E11B5B97AFF051DEC4], Granted Authorities=[ROLE_SUPER_ADMIN]]]
2025-05-26 10:04:20 [http-nio-8080-exec-4] DEBUG o.s.security.web.FilterChainProxy - Secured GET /admin/reports/api/data/agent-performance
2025-05-26 10:04:31 [http-nio-8080-exec-8] DEBUG o.s.security.web.FilterChainProxy - Securing GET /users
2025-05-26 10:04:31 [http-nio-8080-exec-8] DEBUG o.s.s.w.c.HttpSessionSecurityContextRepository - Retrieved SecurityContextImpl [Authentication=UsernamePasswordAuthenticationToken [Principal=com.example.projetpfe.security.CustomUserDetails@3348f535, Credentials=[PROTECTED], Authenticated=true, Details=WebAuthenticationDetails [RemoteIpAddress=0:0:0:0:0:0:0:1, SessionId=DFD5CCDE214F77E11B5B97AFF051DEC4], Granted Authorities=[ROLE_SUPER_ADMIN]]]
2025-05-26 10:04:31 [http-nio-8080-exec-8] DEBUG o.s.security.web.FilterChainProxy - Secured GET /users
2025-05-26 10:04:31 [http-nio-8080-exec-9] DEBUG o.s.security.web.FilterChainProxy - Securing GET /favicon.ico
2025-05-26 10:04:31 [http-nio-8080-exec-9] DEBUG o.s.s.w.c.HttpSessionSecurityContextRepository - Retrieved SecurityContextImpl [Authentication=UsernamePasswordAuthenticationToken [Principal=com.example.projetpfe.security.CustomUserDetails@3348f535, Credentials=[PROTECTED], Authenticated=true, Details=WebAuthenticationDetails [RemoteIpAddress=0:0:0:0:0:0:0:1, SessionId=DFD5CCDE214F77E11B5B97AFF051DEC4], Granted Authorities=[ROLE_SUPER_ADMIN]]]
2025-05-26 10:04:31 [http-nio-8080-exec-9] DEBUG o.s.security.web.FilterChainProxy - Secured GET /favicon.ico
2025-05-26 10:04:31 [http-nio-8080-exec-9] DEBUG o.s.security.web.FilterChainProxy - Securing GET /error
2025-05-26 10:04:31 [http-nio-8080-exec-9] DEBUG o.s.s.w.c.HttpSessionSecurityContextRepository - Retrieved SecurityContextImpl [Authentication=UsernamePasswordAuthenticationToken [Principal=com.example.projetpfe.security.CustomUserDetails@3348f535, Credentials=[PROTECTED], Authenticated=true, Details=WebAuthenticationDetails [RemoteIpAddress=0:0:0:0:0:0:0:1, SessionId=DFD5CCDE214F77E11B5B97AFF051DEC4], Granted Authorities=[ROLE_SUPER_ADMIN]]]
2025-05-26 10:04:31 [http-nio-8080-exec-9] DEBUG o.s.s.w.a.AccessDeniedHandlerImpl - Responding with 403 status code
2025-05-26 10:04:35 [http-nio-8080-exec-3] DEBUG o.s.security.web.FilterChainProxy - Securing GET /admin/agenda
2025-05-26 10:04:35 [http-nio-8080-exec-3] DEBUG o.s.s.w.c.HttpSessionSecurityContextRepository - Retrieved SecurityContextImpl [Authentication=UsernamePasswordAuthenticationToken [Principal=com.example.projetpfe.security.CustomUserDetails@3348f535, Credentials=[PROTECTED], Authenticated=true, Details=WebAuthenticationDetails [RemoteIpAddress=0:0:0:0:0:0:0:1, SessionId=DFD5CCDE214F77E11B5B97AFF051DEC4], Granted Authorities=[ROLE_SUPER_ADMIN]]]
2025-05-26 10:04:35 [http-nio-8080-exec-3] DEBUG o.s.security.web.FilterChainProxy - Secured GET /admin/agenda
2025-05-26 10:04:35 [http-nio-8080-exec-2] DEBUG o.s.security.web.FilterChainProxy - Securing GET /favicon.ico
2025-05-26 10:04:35 [http-nio-8080-exec-2] DEBUG o.s.s.w.c.HttpSessionSecurityContextRepository - Retrieved SecurityContextImpl [Authentication=UsernamePasswordAuthenticationToken [Principal=com.example.projetpfe.security.CustomUserDetails@3348f535, Credentials=[PROTECTED], Authenticated=true, Details=WebAuthenticationDetails [RemoteIpAddress=0:0:0:0:0:0:0:1, SessionId=DFD5CCDE214F77E11B5B97AFF051DEC4], Granted Authorities=[ROLE_SUPER_ADMIN]]]
2025-05-26 10:04:35 [http-nio-8080-exec-2] DEBUG o.s.security.web.FilterChainProxy - Secured GET /favicon.ico
2025-05-26 10:04:35 [http-nio-8080-exec-2] DEBUG o.s.security.web.FilterChainProxy - Securing GET /error
2025-05-26 10:04:35 [http-nio-8080-exec-2] DEBUG o.s.s.w.c.HttpSessionSecurityContextRepository - Retrieved SecurityContextImpl [Authentication=UsernamePasswordAuthenticationToken [Principal=com.example.projetpfe.security.CustomUserDetails@3348f535, Credentials=[PROTECTED], Authenticated=true, Details=WebAuthenticationDetails [RemoteIpAddress=0:0:0:0:0:0:0:1, SessionId=DFD5CCDE214F77E11B5B97AFF051DEC4], Granted Authorities=[ROLE_SUPER_ADMIN]]]
2025-05-26 10:04:35 [http-nio-8080-exec-2] DEBUG o.s.s.w.a.AccessDeniedHandlerImpl - Responding with 403 status code
2025-05-26 10:04:37 [http-nio-8080-exec-1] DEBUG o.s.security.web.FilterChainProxy - Securing GET /logout
2025-05-26 10:04:37 [http-nio-8080-exec-1] DEBUG o.s.s.w.c.HttpSessionSecurityContextRepository - Retrieved SecurityContextImpl [Authentication=UsernamePasswordAuthenticationToken [Principal=com.example.projetpfe.security.CustomUserDetails@3348f535, Credentials=[PROTECTED], Authenticated=true, Details=WebAuthenticationDetails [RemoteIpAddress=0:0:0:0:0:0:0:1, SessionId=DFD5CCDE214F77E11B5B97AFF051DEC4], Granted Authorities=[ROLE_SUPER_ADMIN]]]
2025-05-26 10:04:37 [http-nio-8080-exec-1] DEBUG o.s.s.w.a.logout.LogoutFilter - Logging out [UsernamePasswordAuthenticationToken [Principal=com.example.projetpfe.security.CustomUserDetails@3348f535, Credentials=[PROTECTED], Authenticated=true, Details=WebAuthenticationDetails [RemoteIpAddress=0:0:0:0:0:0:0:1, SessionId=DFD5CCDE214F77E11B5B97AFF051DEC4], Granted Authorities=[ROLE_SUPER_ADMIN]]]
2025-05-26 10:04:37 [http-nio-8080-exec-1] DEBUG o.s.s.w.a.l.SecurityContextLogoutHandler - Invalidated session 7EDF78FB595F46FF60FC509FA2C990B9
2025-05-26 10:04:37 [http-nio-8080-exec-1] DEBUG o.s.s.web.DefaultRedirectStrategy - Redirecting to /login?logout
2025-05-26 10:04:37 [http-nio-8080-exec-7] DEBUG o.s.security.web.FilterChainProxy - Securing GET /login?logout
2025-05-26 10:04:37 [http-nio-8080-exec-7] DEBUG o.s.s.w.a.AnonymousAuthenticationFilter - Set SecurityContextHolder to anonymous SecurityContext
2025-05-26 10:04:37 [http-nio-8080-exec-7] DEBUG o.s.security.web.FilterChainProxy - Secured GET /login?logout
2025-05-26 10:04:37 [http-nio-8080-exec-7] DEBUG c.e.p.controller.AuthController - Accès à la page de login - Query string: logout
2025-05-26 10:04:37 [http-nio-8080-exec-7] DEBUG c.e.p.controller.AuthController - Vérification du blocage pour l'IP: 0:0:0:0:0:0:0:1
2025-05-26 10:04:37 [http-nio-8080-exec-7] DEBUG c.e.p.controller.AuthController - IP non bloquée
2025-05-26 10:04:37 [http-nio-8080-exec-10] DEBUG o.s.security.web.FilterChainProxy - Securing GET /favicon.ico
2025-05-26 10:04:37 [http-nio-8080-exec-10] DEBUG o.s.s.w.a.AnonymousAuthenticationFilter - Set SecurityContextHolder to anonymous SecurityContext
2025-05-26 10:04:37 [http-nio-8080-exec-10] DEBUG o.s.s.web.DefaultRedirectStrategy - Redirecting to http://localhost:8080/login
2025-05-26 10:04:37 [http-nio-8080-exec-5] DEBUG o.s.security.web.FilterChainProxy - Securing GET /login
2025-05-26 10:04:37 [http-nio-8080-exec-5] DEBUG o.s.s.w.a.AnonymousAuthenticationFilter - Set SecurityContextHolder to anonymous SecurityContext
2025-05-26 10:04:37 [http-nio-8080-exec-5] DEBUG o.s.security.web.FilterChainProxy - Secured GET /login
2025-05-26 10:04:37 [http-nio-8080-exec-5] DEBUG c.e.p.controller.AuthController - Accès à la page de login - Query string: null
2025-05-26 10:04:37 [http-nio-8080-exec-5] DEBUG c.e.p.controller.AuthController - Vérification du blocage pour l'IP: 0:0:0:0:0:0:0:1
2025-05-26 10:04:37 [http-nio-8080-exec-5] DEBUG c.e.p.controller.AuthController - IP non bloquée
2025-05-26 10:04:43 [http-nio-8080-exec-6] DEBUG o.s.security.web.FilterChainProxy - Securing POST /login
2025-05-26 10:04:43 [http-nio-8080-exec-6] DEBUG o.s.s.a.d.DaoAuthenticationProvider - Authenticated user
2025-05-26 10:04:43 [http-nio-8080-exec-6] DEBUG o.s.s.w.a.s.ChangeSessionIdAuthenticationStrategy - Changed session id from E8865298D287577D2B3A54A3A672DA55
2025-05-26 10:04:43 [http-nio-8080-exec-6] DEBUG o.s.s.c.session.SessionRegistryImpl - Registering session 96E70D9584D216F995FD7852E76E5DA8, for principal com.example.projetpfe.security.CustomUserDetails@30546213
2025-05-26 10:04:43 [http-nio-8080-exec-6] DEBUG o.s.s.w.c.CsrfAuthenticationStrategy - Replaced CSRF Token
2025-05-26 10:04:43 [http-nio-8080-exec-6] DEBUG o.s.s.w.c.HttpSessionSecurityContextRepository - Stored SecurityContextImpl [Authentication=UsernamePasswordAuthenticationToken [Principal=com.example.projetpfe.security.CustomUserDetails@30546213, Credentials=[PROTECTED], Authenticated=true, Details=WebAuthenticationDetails [RemoteIpAddress=0:0:0:0:0:0:0:1, SessionId=E8865298D287577D2B3A54A3A672DA55], Granted Authorities=[ROLE_ADMIN]]] to HttpSession [org.apache.catalina.session.StandardSessionFacade@76ce7a9a]
2025-05-26 10:04:43 [http-nio-8080-exec-6] DEBUG o.s.s.w.a.UsernamePasswordAuthenticationFilter - Set SecurityContextHolder to UsernamePasswordAuthenticationToken [Principal=com.example.projetpfe.security.CustomUserDetails@30546213, Credentials=[PROTECTED], Authenticated=true, Details=WebAuthenticationDetails [RemoteIpAddress=0:0:0:0:0:0:0:1, SessionId=E8865298D287577D2B3A54A3A672DA55], Granted Authorities=[ROLE_ADMIN]]
2025-05-26 10:04:43 [http-nio-8080-exec-6] DEBUG o.s.s.web.DefaultRedirectStrategy - Redirecting to /login-success
2025-05-26 10:04:43 [http-nio-8080-exec-4] DEBUG o.s.security.web.FilterChainProxy - Securing GET /login-success
2025-05-26 10:04:43 [http-nio-8080-exec-4] DEBUG o.s.security.web.FilterChainProxy - Secured GET /login-success
2025-05-26 10:04:43 [http-nio-8080-exec-4] DEBUG o.s.s.w.c.HttpSessionSecurityContextRepository - Retrieved SecurityContextImpl [Authentication=UsernamePasswordAuthenticationToken [Principal=com.example.projetpfe.security.CustomUserDetails@30546213, Credentials=[PROTECTED], Authenticated=true, Details=WebAuthenticationDetails [RemoteIpAddress=0:0:0:0:0:0:0:1, SessionId=E8865298D287577D2B3A54A3A672DA55], Granted Authorities=[ROLE_ADMIN]]]
2025-05-26 10:04:43 [http-nio-8080-exec-8] DEBUG o.s.security.web.FilterChainProxy - Securing GET /admin/agenda
2025-05-26 10:04:43 [http-nio-8080-exec-8] DEBUG o.s.s.w.c.HttpSessionSecurityContextRepository - Retrieved SecurityContextImpl [Authentication=UsernamePasswordAuthenticationToken [Principal=com.example.projetpfe.security.CustomUserDetails@30546213, Credentials=[PROTECTED], Authenticated=true, Details=WebAuthenticationDetails [RemoteIpAddress=0:0:0:0:0:0:0:1, SessionId=E8865298D287577D2B3A54A3A672DA55], Granted Authorities=[ROLE_ADMIN]]]
2025-05-26 10:04:43 [http-nio-8080-exec-8] DEBUG o.s.security.web.FilterChainProxy - Secured GET /admin/agenda
2025-05-26 10:04:43 [http-nio-8080-exec-9] DEBUG o.s.security.web.FilterChainProxy - Securing GET /favicon.ico
2025-05-26 10:04:43 [http-nio-8080-exec-9] DEBUG o.s.s.w.c.HttpSessionSecurityContextRepository - Retrieved SecurityContextImpl [Authentication=UsernamePasswordAuthenticationToken [Principal=com.example.projetpfe.security.CustomUserDetails@30546213, Credentials=[PROTECTED], Authenticated=true, Details=WebAuthenticationDetails [RemoteIpAddress=0:0:0:0:0:0:0:1, SessionId=E8865298D287577D2B3A54A3A672DA55], Granted Authorities=[ROLE_ADMIN]]]
2025-05-26 10:04:43 [http-nio-8080-exec-9] DEBUG o.s.security.web.FilterChainProxy - Secured GET /favicon.ico
2025-05-26 10:04:43 [http-nio-8080-exec-9] DEBUG o.s.security.web.FilterChainProxy - Securing GET /error
2025-05-26 10:04:43 [http-nio-8080-exec-9] DEBUG o.s.s.w.c.HttpSessionSecurityContextRepository - Retrieved SecurityContextImpl [Authentication=UsernamePasswordAuthenticationToken [Principal=com.example.projetpfe.security.CustomUserDetails@30546213, Credentials=[PROTECTED], Authenticated=true, Details=WebAuthenticationDetails [RemoteIpAddress=0:0:0:0:0:0:0:1, SessionId=E8865298D287577D2B3A54A3A672DA55], Granted Authorities=[ROLE_ADMIN]]]
2025-05-26 10:04:43 [http-nio-8080-exec-9] DEBUG o.s.s.w.a.AccessDeniedHandlerImpl - Responding with 403 status code
2025-05-26 10:04:45 [http-nio-8080-exec-3] DEBUG o.s.security.web.FilterChainProxy - Securing GET /admin/reports/questionnaire
2025-05-26 10:04:45 [http-nio-8080-exec-3] DEBUG o.s.s.w.c.HttpSessionSecurityContextRepository - Retrieved SecurityContextImpl [Authentication=UsernamePasswordAuthenticationToken [Principal=com.example.projetpfe.security.CustomUserDetails@30546213, Credentials=[PROTECTED], Authenticated=true, Details=WebAuthenticationDetails [RemoteIpAddress=0:0:0:0:0:0:0:1, SessionId=E8865298D287577D2B3A54A3A672DA55], Granted Authorities=[ROLE_ADMIN]]]
2025-05-26 10:04:45 [http-nio-8080-exec-3] DEBUG o.s.security.web.FilterChainProxy - Secured GET /admin/reports/questionnaire
2025-05-26 10:04:45 [http-nio-8080-exec-1] DEBUG o.s.security.web.FilterChainProxy - Securing GET /admin/reports/api/branches
2025-05-26 10:04:45 [http-nio-8080-exec-2] DEBUG o.s.security.web.FilterChainProxy - Securing GET /admin/reports/api/data
2025-05-26 10:04:45 [http-nio-8080-exec-1] DEBUG o.s.s.w.c.HttpSessionSecurityContextRepository - Retrieved SecurityContextImpl [Authentication=UsernamePasswordAuthenticationToken [Principal=com.example.projetpfe.security.CustomUserDetails@30546213, Credentials=[PROTECTED], Authenticated=true, Details=WebAuthenticationDetails [RemoteIpAddress=0:0:0:0:0:0:0:1, SessionId=E8865298D287577D2B3A54A3A672DA55], Granted Authorities=[ROLE_ADMIN]]]
2025-05-26 10:04:45 [http-nio-8080-exec-2] DEBUG o.s.s.w.c.HttpSessionSecurityContextRepository - Retrieved SecurityContextImpl [Authentication=UsernamePasswordAuthenticationToken [Principal=com.example.projetpfe.security.CustomUserDetails@30546213, Credentials=[PROTECTED], Authenticated=true, Details=WebAuthenticationDetails [RemoteIpAddress=0:0:0:0:0:0:0:1, SessionId=E8865298D287577D2B3A54A3A672DA55], Granted Authorities=[ROLE_ADMIN]]]
2025-05-26 10:04:45 [http-nio-8080-exec-1] DEBUG o.s.security.web.FilterChainProxy - Secured GET /admin/reports/api/branches
2025-05-26 10:04:45 [http-nio-8080-exec-2] DEBUG o.s.security.web.FilterChainProxy - Secured GET /admin/reports/api/data
2025-05-26 10:04:45 [http-nio-8080-exec-7] DEBUG o.s.security.web.FilterChainProxy - Securing GET /favicon.ico
2025-05-26 10:04:45 [http-nio-8080-exec-7] DEBUG o.s.s.w.c.HttpSessionSecurityContextRepository - Retrieved SecurityContextImpl [Authentication=UsernamePasswordAuthenticationToken [Principal=com.example.projetpfe.security.CustomUserDetails@30546213, Credentials=[PROTECTED], Authenticated=true, Details=WebAuthenticationDetails [RemoteIpAddress=0:0:0:0:0:0:0:1, SessionId=E8865298D287577D2B3A54A3A672DA55], Granted Authorities=[ROLE_ADMIN]]]
2025-05-26 10:04:45 [http-nio-8080-exec-7] DEBUG o.s.security.web.FilterChainProxy - Secured GET /favicon.ico
2025-05-26 10:04:45 [http-nio-8080-exec-7] DEBUG o.s.security.web.FilterChainProxy - Securing GET /error
2025-05-26 10:04:45 [http-nio-8080-exec-7] DEBUG o.s.s.w.c.HttpSessionSecurityContextRepository - Retrieved SecurityContextImpl [Authentication=UsernamePasswordAuthenticationToken [Principal=com.example.projetpfe.security.CustomUserDetails@30546213, Credentials=[PROTECTED], Authenticated=true, Details=WebAuthenticationDetails [RemoteIpAddress=0:0:0:0:0:0:0:1, SessionId=E8865298D287577D2B3A54A3A672DA55], Granted Authorities=[ROLE_ADMIN]]]
2025-05-26 10:04:45 [http-nio-8080-exec-7] DEBUG o.s.s.w.a.AccessDeniedHandlerImpl - Responding with 403 status code
2025-05-26 10:04:45 [http-nio-8080-exec-10] DEBUG o.s.security.web.FilterChainProxy - Securing GET /admin/reports/api/data
2025-05-26 10:04:45 [http-nio-8080-exec-10] DEBUG o.s.s.w.c.HttpSessionSecurityContextRepository - Retrieved SecurityContextImpl [Authentication=UsernamePasswordAuthenticationToken [Principal=com.example.projetpfe.security.CustomUserDetails@30546213, Credentials=[PROTECTED], Authenticated=true, Details=WebAuthenticationDetails [RemoteIpAddress=0:0:0:0:0:0:0:1, SessionId=E8865298D287577D2B3A54A3A672DA55], Granted Authorities=[ROLE_ADMIN]]]
2025-05-26 10:04:45 [http-nio-8080-exec-10] DEBUG o.s.security.web.FilterChainProxy - Secured GET /admin/reports/api/data
2025-05-26 10:04:45 [http-nio-8080-exec-5] DEBUG o.s.security.web.FilterChainProxy - Securing GET /admin/reports/api/data/agent-performance
2025-05-26 10:04:45 [http-nio-8080-exec-5] DEBUG o.s.s.w.c.HttpSessionSecurityContextRepository - Retrieved SecurityContextImpl [Authentication=UsernamePasswordAuthenticationToken [Principal=com.example.projetpfe.security.CustomUserDetails@30546213, Credentials=[PROTECTED], Authenticated=true, Details=WebAuthenticationDetails [RemoteIpAddress=0:0:0:0:0:0:0:1, SessionId=E8865298D287577D2B3A54A3A672DA55], Granted Authorities=[ROLE_ADMIN]]]
2025-05-26 10:04:45 [http-nio-8080-exec-5] DEBUG o.s.security.web.FilterChainProxy - Secured GET /admin/reports/api/data/agent-performance
2025-05-26 10:04:45 [http-nio-8080-exec-6] DEBUG o.s.security.web.FilterChainProxy - Securing GET /admin/reports/api/data/agent-performance
2025-05-26 10:04:45 [http-nio-8080-exec-6] DEBUG o.s.s.w.c.HttpSessionSecurityContextRepository - Retrieved SecurityContextImpl [Authentication=UsernamePasswordAuthenticationToken [Principal=com.example.projetpfe.security.CustomUserDetails@30546213, Credentials=[PROTECTED], Authenticated=true, Details=WebAuthenticationDetails [RemoteIpAddress=0:0:0:0:0:0:0:1, SessionId=E8865298D287577D2B3A54A3A672DA55], Granted Authorities=[ROLE_ADMIN]]]
2025-05-26 10:04:45 [http-nio-8080-exec-6] DEBUG o.s.security.web.FilterChainProxy - Secured GET /admin/reports/api/data/agent-performance
2025-05-26 10:04:58 [SpringApplicationShutdownHook] INFO  o.s.o.j.LocalContainerEntityManagerFactoryBean - Closing JPA EntityManagerFactory for persistence unit 'default'
2025-05-26 10:04:58 [SpringApplicationShutdownHook] INFO  com.zaxxer.hikari.HikariDataSource - HikariPool-1 - Shutdown initiated...
2025-05-26 10:04:58 [SpringApplicationShutdownHook] INFO  com.zaxxer.hikari.HikariDataSource - HikariPool-1 - Shutdown completed.
