2025-06-05 13:49:11 [background-preinit] INFO  o.h.validator.internal.util.Version - HV000001: Hibernate Validator 8.0.0.Final
2025-06-05 13:49:11 [main] INFO  c.e.projetpfe.ProjetPfeApplication - Starting ProjetPfeApplication using Java 17.0.12 with PID 21316 (C:\Users\hiba3\PROJETPFE\target\classes started by hiba3 in C:\Users\hiba3\PROJETPFE)
2025-06-05 13:49:11 [main] INFO  c.e.projetpfe.ProjetPfeApplication - No active profile set, falling back to 1 default profile: "default"
2025-06-05 13:49:13 [main] INFO  o.s.d.r.c.RepositoryConfigurationDelegate - Bootstrapping Spring Data JPA repositories in DEFAULT mode.
2025-06-05 13:49:13 [main] INFO  o.s.d.r.c.RepositoryConfigurationDelegate - Finished Spring Data repository scanning in 91 ms. Found 7 JPA repository interfaces.
2025-06-05 13:49:13 [main] INFO  o.s.b.w.e.tomcat.TomcatWebServer - Tomcat initialized with port(s): 8080 (http)
2025-06-05 13:49:13 [main] INFO  o.a.coyote.http11.Http11NioProtocol - Initializing ProtocolHandler ["http-nio-8080"]
2025-06-05 13:49:13 [main] INFO  o.a.catalina.core.StandardService - Starting service [Tomcat]
2025-06-05 13:49:13 [main] INFO  o.a.catalina.core.StandardEngine - Starting Servlet engine: [Apache Tomcat/10.1.1]
2025-06-05 13:49:13 [main] INFO  o.a.c.c.C.[Tomcat].[localhost].[/] - Initializing Spring embedded WebApplicationContext
2025-06-05 13:49:13 [main] INFO  o.s.b.w.s.c.ServletWebServerApplicationContext - Root WebApplicationContext: initialization completed in 2094 ms
2025-06-05 13:49:14 [main] INFO  o.h.jpa.internal.util.LogHelper - HHH000204: Processing PersistenceUnitInfo [name: default]
2025-06-05 13:49:14 [main] INFO  org.hibernate.Version - HHH000412: Hibernate ORM core version 6.1.5.Final
2025-06-05 13:49:14 [main] WARN  org.hibernate.orm.deprecation - HHH90000021: Encountered deprecated setting [javax.persistence.sharedCache.mode], use [jakarta.persistence.sharedCache.mode] instead
2025-06-05 13:49:14 [main] INFO  com.zaxxer.hikari.HikariDataSource - HikariPool-1 - Starting...
2025-06-05 13:49:14 [main] INFO  com.zaxxer.hikari.pool.HikariPool - HikariPool-1 - Added connection org.postgresql.jdbc.PgConnection@7e2bc2f4
2025-06-05 13:49:14 [main] INFO  com.zaxxer.hikari.HikariDataSource - HikariPool-1 - Start completed.
2025-06-05 13:49:14 [main] INFO  SQL dialect - HHH000400: Using dialect: org.hibernate.dialect.PostgreSQLDialect
2025-06-05 13:49:16 [main] INFO  o.h.e.t.j.p.i.JtaPlatformInitiator - HHH000490: Using JtaPlatform implementation: [org.hibernate.engine.transaction.jta.platform.internal.NoJtaPlatform]
2025-06-05 13:49:16 [main] INFO  o.s.o.j.LocalContainerEntityManagerFactoryBean - Initialized JPA EntityManagerFactory for persistence unit 'default'
2025-06-05 13:49:17 [main] WARN  o.s.b.a.o.j.JpaBaseConfiguration$JpaWebConfiguration - spring.jpa.open-in-view is enabled by default. Therefore, database queries may be performed during view rendering. Explicitly configure spring.jpa.open-in-view to disable this warning
2025-06-05 13:49:17 [main] INFO  o.s.b.a.w.s.WelcomePageHandlerMapping - Adding welcome page template: index
2025-06-05 13:49:18 [main] INFO  o.s.s.web.DefaultSecurityFilterChain - Will secure any request with [org.springframework.security.web.session.DisableEncodeUrlFilter@319fe034, org.springframework.security.web.context.request.async.WebAsyncManagerIntegrationFilter@15c4b89b, org.springframework.security.web.context.SecurityContextHolderFilter@68a1906f, org.springframework.security.web.header.HeaderWriterFilter@4d652bc6, org.springframework.security.web.csrf.CsrfFilter@7152ee36, org.springframework.security.web.authentication.logout.LogoutFilter@7e1b96a7, org.springframework.security.web.authentication.UsernamePasswordAuthenticationFilter@3bf7c70e, org.springframework.security.web.session.ConcurrentSessionFilter@243c4ffe, org.springframework.security.web.savedrequest.RequestCacheAwareFilter@7e01d838, org.springframework.security.web.servletapi.SecurityContextHolderAwareRequestFilter@1c6d65f7, org.springframework.security.web.authentication.AnonymousAuthenticationFilter@100ed29a, org.springframework.security.web.session.SessionManagementFilter@77b987f3, org.springframework.security.web.access.ExceptionTranslationFilter@4caeeab6, org.springframework.security.web.access.intercept.AuthorizationFilter@16b6493d]
2025-06-05 13:49:18 [main] INFO  o.a.coyote.http11.Http11NioProtocol - Starting ProtocolHandler ["http-nio-8080"]
2025-06-05 13:49:18 [main] INFO  o.s.b.w.e.tomcat.TomcatWebServer - Tomcat started on port(s): 8080 (http) with context path ''
2025-06-05 13:49:18 [main] INFO  c.e.projetpfe.ProjetPfeApplication - Started ProjetPfeApplication in 7.542 seconds (process running for 9.542)
2025-06-05 13:51:54 [http-nio-8080-exec-1] INFO  o.a.c.c.C.[Tomcat].[localhost].[/] - Initializing Spring DispatcherServlet 'dispatcherServlet'
2025-06-05 13:51:54 [http-nio-8080-exec-1] INFO  o.s.web.servlet.DispatcherServlet - Initializing Servlet 'dispatcherServlet'
2025-06-05 13:51:54 [http-nio-8080-exec-1] INFO  o.s.web.servlet.DispatcherServlet - Completed initialization in 2 ms
2025-06-05 13:51:54 [http-nio-8080-exec-1] DEBUG o.s.security.web.FilterChainProxy - Securing GET /
2025-06-05 13:51:54 [http-nio-8080-exec-1] DEBUG o.s.s.w.a.AnonymousAuthenticationFilter - Set SecurityContextHolder to anonymous SecurityContext
2025-06-05 13:51:54 [http-nio-8080-exec-1] DEBUG o.s.s.w.s.HttpSessionRequestCache - Saved request http://f0d9-105-190-173-220.ngrok-free.app/?continue to session
2025-06-05 13:51:54 [http-nio-8080-exec-1] DEBUG o.s.s.web.DefaultRedirectStrategy - Redirecting to http://f0d9-105-190-173-220.ngrok-free.app/login
2025-06-05 13:51:54 [http-nio-8080-exec-2] DEBUG o.s.security.web.FilterChainProxy - Securing GET /login
2025-06-05 13:51:54 [http-nio-8080-exec-2] DEBUG o.s.s.w.a.AnonymousAuthenticationFilter - Set SecurityContextHolder to anonymous SecurityContext
2025-06-05 13:51:54 [http-nio-8080-exec-2] DEBUG o.s.security.web.FilterChainProxy - Secured GET /login
2025-06-05 13:51:54 [http-nio-8080-exec-2] DEBUG c.e.p.controller.AuthController - Accès à la page de login - Query string: null
2025-06-05 13:51:54 [http-nio-8080-exec-2] DEBUG c.e.p.controller.AuthController - Vérification du blocage pour l'IP: 105.190.173.220
2025-06-05 13:51:54 [http-nio-8080-exec-2] DEBUG c.e.p.controller.AuthController - IP non bloquée
2025-06-05 13:51:56 [http-nio-8080-exec-3] DEBUG o.s.security.web.FilterChainProxy - Securing GET /favicon.ico
2025-06-05 13:51:56 [http-nio-8080-exec-3] DEBUG o.s.s.w.a.AnonymousAuthenticationFilter - Set SecurityContextHolder to anonymous SecurityContext
2025-06-05 13:51:56 [http-nio-8080-exec-3] DEBUG o.s.s.web.DefaultRedirectStrategy - Redirecting to http://f0d9-105-190-173-220.ngrok-free.app/login
2025-06-05 13:52:10 [http-nio-8080-exec-4] DEBUG o.s.security.web.FilterChainProxy - Securing POST /login
2025-06-05 13:52:11 [http-nio-8080-exec-4] DEBUG o.s.s.a.d.DaoAuthenticationProvider - Authenticated user
2025-06-05 13:52:11 [http-nio-8080-exec-4] DEBUG o.s.s.w.a.s.ChangeSessionIdAuthenticationStrategy - Changed session id from EC3B9DD8E1F05ED8964B88855299F304
2025-06-05 13:52:11 [http-nio-8080-exec-4] DEBUG o.s.s.c.session.SessionRegistryImpl - Registering session CEB24C250433F3393B7EDB54083B1E26, for principal com.example.projetpfe.security.CustomUserDetails@4759bee8
2025-06-05 13:52:11 [http-nio-8080-exec-4] DEBUG o.s.s.w.c.CsrfAuthenticationStrategy - Replaced CSRF Token
2025-06-05 13:52:11 [http-nio-8080-exec-4] DEBUG o.s.s.w.c.HttpSessionSecurityContextRepository - Stored SecurityContextImpl [Authentication=UsernamePasswordAuthenticationToken [Principal=com.example.projetpfe.security.CustomUserDetails@4759bee8, Credentials=[PROTECTED], Authenticated=true, Details=WebAuthenticationDetails [RemoteIpAddress=0:0:0:0:0:0:0:1, SessionId=EC3B9DD8E1F05ED8964B88855299F304], Granted Authorities=[ROLE_USER]]] to HttpSession [org.apache.catalina.session.StandardSessionFacade@11cf1eb2]
2025-06-05 13:52:11 [http-nio-8080-exec-4] DEBUG o.s.s.w.a.UsernamePasswordAuthenticationFilter - Set SecurityContextHolder to UsernamePasswordAuthenticationToken [Principal=com.example.projetpfe.security.CustomUserDetails@4759bee8, Credentials=[PROTECTED], Authenticated=true, Details=WebAuthenticationDetails [RemoteIpAddress=0:0:0:0:0:0:0:1, SessionId=EC3B9DD8E1F05ED8964B88855299F304], Granted Authorities=[ROLE_USER]]
2025-06-05 13:52:11 [http-nio-8080-exec-4] DEBUG o.s.s.web.DefaultRedirectStrategy - Redirecting to /login-success
2025-06-05 13:52:11 [http-nio-8080-exec-5] DEBUG o.s.security.web.FilterChainProxy - Securing GET /login-success
2025-06-05 13:52:11 [http-nio-8080-exec-5] DEBUG o.s.security.web.FilterChainProxy - Secured GET /login-success
2025-06-05 13:52:11 [http-nio-8080-exec-5] DEBUG o.s.s.w.c.HttpSessionSecurityContextRepository - Retrieved SecurityContextImpl [Authentication=UsernamePasswordAuthenticationToken [Principal=com.example.projetpfe.security.CustomUserDetails@4759bee8, Credentials=[PROTECTED], Authenticated=true, Details=WebAuthenticationDetails [RemoteIpAddress=0:0:0:0:0:0:0:1, SessionId=EC3B9DD8E1F05ED8964B88855299F304], Granted Authorities=[ROLE_USER]]]
2025-06-05 13:52:11 [http-nio-8080-exec-6] DEBUG o.s.security.web.FilterChainProxy - Securing GET /agenda/index
2025-06-05 13:52:11 [http-nio-8080-exec-6] DEBUG o.s.s.w.c.HttpSessionSecurityContextRepository - Retrieved SecurityContextImpl [Authentication=UsernamePasswordAuthenticationToken [Principal=com.example.projetpfe.security.CustomUserDetails@4759bee8, Credentials=[PROTECTED], Authenticated=true, Details=WebAuthenticationDetails [RemoteIpAddress=0:0:0:0:0:0:0:1, SessionId=EC3B9DD8E1F05ED8964B88855299F304], Granted Authorities=[ROLE_USER]]]
2025-06-05 13:52:11 [http-nio-8080-exec-6] DEBUG o.s.security.web.FilterChainProxy - Secured GET /agenda/index
2025-06-05 13:52:12 [http-nio-8080-exec-7] DEBUG o.s.security.web.FilterChainProxy - Securing GET /favicon.ico
2025-06-05 13:52:12 [http-nio-8080-exec-7] DEBUG o.s.s.w.c.HttpSessionSecurityContextRepository - Retrieved SecurityContextImpl [Authentication=UsernamePasswordAuthenticationToken [Principal=com.example.projetpfe.security.CustomUserDetails@4759bee8, Credentials=[PROTECTED], Authenticated=true, Details=WebAuthenticationDetails [RemoteIpAddress=0:0:0:0:0:0:0:1, SessionId=EC3B9DD8E1F05ED8964B88855299F304], Granted Authorities=[ROLE_USER]]]
2025-06-05 13:52:12 [http-nio-8080-exec-7] DEBUG o.s.security.web.FilterChainProxy - Secured GET /favicon.ico
2025-06-05 13:52:12 [http-nio-8080-exec-7] DEBUG o.s.security.web.FilterChainProxy - Securing GET /error
2025-06-05 13:52:12 [http-nio-8080-exec-7] DEBUG o.s.s.w.c.HttpSessionSecurityContextRepository - Retrieved SecurityContextImpl [Authentication=UsernamePasswordAuthenticationToken [Principal=com.example.projetpfe.security.CustomUserDetails@4759bee8, Credentials=[PROTECTED], Authenticated=true, Details=WebAuthenticationDetails [RemoteIpAddress=0:0:0:0:0:0:0:1, SessionId=EC3B9DD8E1F05ED8964B88855299F304], Granted Authorities=[ROLE_USER]]]
2025-06-05 13:52:12 [http-nio-8080-exec-7] DEBUG o.s.s.w.a.AccessDeniedHandlerImpl - Responding with 403 status code
2025-06-05 13:53:50 [http-nio-8080-exec-9] DEBUG o.s.security.web.FilterChainProxy - Securing GET /
2025-06-05 13:53:50 [http-nio-8080-exec-9] DEBUG o.s.s.w.a.AnonymousAuthenticationFilter - Set SecurityContextHolder to anonymous SecurityContext
2025-06-05 13:53:50 [http-nio-8080-exec-9] DEBUG o.s.s.w.s.HttpSessionRequestCache - Saved request http://f0d9-105-190-173-220.ngrok-free.app/?continue to session
2025-06-05 13:53:50 [http-nio-8080-exec-9] DEBUG o.s.s.web.DefaultRedirectStrategy - Redirecting to http://f0d9-105-190-173-220.ngrok-free.app/login
2025-06-05 13:53:51 [http-nio-8080-exec-10] DEBUG o.s.security.web.FilterChainProxy - Securing GET /login
2025-06-05 13:53:51 [http-nio-8080-exec-10] DEBUG o.s.s.w.a.AnonymousAuthenticationFilter - Set SecurityContextHolder to anonymous SecurityContext
2025-06-05 13:53:51 [http-nio-8080-exec-10] DEBUG o.s.security.web.FilterChainProxy - Secured GET /login
2025-06-05 13:53:51 [http-nio-8080-exec-10] DEBUG c.e.p.controller.AuthController - Accès à la page de login - Query string: null
2025-06-05 13:53:51 [http-nio-8080-exec-10] DEBUG c.e.p.controller.AuthController - Vérification du blocage pour l'IP: 196.206.228.132
2025-06-05 13:53:51 [http-nio-8080-exec-10] DEBUG c.e.p.controller.AuthController - IP non bloquée
2025-06-05 13:53:52 [http-nio-8080-exec-1] DEBUG o.s.security.web.FilterChainProxy - Securing GET /favicon.ico
2025-06-05 13:53:52 [http-nio-8080-exec-1] DEBUG o.s.s.w.a.AnonymousAuthenticationFilter - Set SecurityContextHolder to anonymous SecurityContext
2025-06-05 13:53:52 [http-nio-8080-exec-1] DEBUG o.s.s.web.DefaultRedirectStrategy - Redirecting to http://f0d9-105-190-173-220.ngrok-free.app/login
2025-06-05 13:54:20 [http-nio-8080-exec-2] DEBUG o.s.security.web.FilterChainProxy - Securing POST /login
2025-06-05 13:54:20 [http-nio-8080-exec-2] DEBUG o.s.s.a.d.DaoAuthenticationProvider - Authenticated user
2025-06-05 13:54:20 [http-nio-8080-exec-2] DEBUG o.s.s.w.a.s.ChangeSessionIdAuthenticationStrategy - Changed session id from 86A944D5D98175DEE054187EACA85BA0
2025-06-05 13:54:20 [http-nio-8080-exec-2] DEBUG o.s.s.c.session.SessionRegistryImpl - Registering session B628E31EE93A35635C6FECBE8115C718, for principal com.example.projetpfe.security.CustomUserDetails@626972d3
2025-06-05 13:54:20 [http-nio-8080-exec-2] DEBUG o.s.s.w.c.CsrfAuthenticationStrategy - Replaced CSRF Token
2025-06-05 13:54:20 [http-nio-8080-exec-2] DEBUG o.s.s.w.c.HttpSessionSecurityContextRepository - Stored SecurityContextImpl [Authentication=UsernamePasswordAuthenticationToken [Principal=com.example.projetpfe.security.CustomUserDetails@626972d3, Credentials=[PROTECTED], Authenticated=true, Details=WebAuthenticationDetails [RemoteIpAddress=0:0:0:0:0:0:0:1, SessionId=86A944D5D98175DEE054187EACA85BA0], Granted Authorities=[ROLE_USER]]] to HttpSession [org.apache.catalina.session.StandardSessionFacade@68a25bfd]
2025-06-05 13:54:20 [http-nio-8080-exec-2] DEBUG o.s.s.w.a.UsernamePasswordAuthenticationFilter - Set SecurityContextHolder to UsernamePasswordAuthenticationToken [Principal=com.example.projetpfe.security.CustomUserDetails@626972d3, Credentials=[PROTECTED], Authenticated=true, Details=WebAuthenticationDetails [RemoteIpAddress=0:0:0:0:0:0:0:1, SessionId=86A944D5D98175DEE054187EACA85BA0], Granted Authorities=[ROLE_USER]]
2025-06-05 13:54:20 [http-nio-8080-exec-2] DEBUG o.s.s.web.DefaultRedirectStrategy - Redirecting to /login-success
2025-06-05 13:54:20 [http-nio-8080-exec-3] DEBUG o.s.security.web.FilterChainProxy - Securing GET /login-success
2025-06-05 13:54:20 [http-nio-8080-exec-3] DEBUG o.s.security.web.FilterChainProxy - Secured GET /login-success
2025-06-05 13:54:20 [http-nio-8080-exec-3] DEBUG o.s.s.w.c.HttpSessionSecurityContextRepository - Retrieved SecurityContextImpl [Authentication=UsernamePasswordAuthenticationToken [Principal=com.example.projetpfe.security.CustomUserDetails@626972d3, Credentials=[PROTECTED], Authenticated=true, Details=WebAuthenticationDetails [RemoteIpAddress=0:0:0:0:0:0:0:1, SessionId=86A944D5D98175DEE054187EACA85BA0], Granted Authorities=[ROLE_USER]]]
2025-06-05 13:54:20 [http-nio-8080-exec-4] DEBUG o.s.security.web.FilterChainProxy - Securing GET /agenda/index
2025-06-05 13:54:20 [http-nio-8080-exec-4] DEBUG o.s.s.w.c.HttpSessionSecurityContextRepository - Retrieved SecurityContextImpl [Authentication=UsernamePasswordAuthenticationToken [Principal=com.example.projetpfe.security.CustomUserDetails@626972d3, Credentials=[PROTECTED], Authenticated=true, Details=WebAuthenticationDetails [RemoteIpAddress=0:0:0:0:0:0:0:1, SessionId=86A944D5D98175DEE054187EACA85BA0], Granted Authorities=[ROLE_USER]]]
2025-06-05 13:54:20 [http-nio-8080-exec-4] DEBUG o.s.security.web.FilterChainProxy - Secured GET /agenda/index
2025-06-05 13:54:21 [http-nio-8080-exec-5] DEBUG o.s.security.web.FilterChainProxy - Securing GET /favicon.ico
2025-06-05 13:54:21 [http-nio-8080-exec-5] DEBUG o.s.s.w.c.HttpSessionSecurityContextRepository - Retrieved SecurityContextImpl [Authentication=UsernamePasswordAuthenticationToken [Principal=com.example.projetpfe.security.CustomUserDetails@626972d3, Credentials=[PROTECTED], Authenticated=true, Details=WebAuthenticationDetails [RemoteIpAddress=0:0:0:0:0:0:0:1, SessionId=86A944D5D98175DEE054187EACA85BA0], Granted Authorities=[ROLE_USER]]]
2025-06-05 13:54:21 [http-nio-8080-exec-5] DEBUG o.s.security.web.FilterChainProxy - Secured GET /favicon.ico
2025-06-05 13:54:21 [http-nio-8080-exec-5] DEBUG o.s.security.web.FilterChainProxy - Securing GET /error
2025-06-05 13:54:21 [http-nio-8080-exec-5] DEBUG o.s.s.w.c.HttpSessionSecurityContextRepository - Retrieved SecurityContextImpl [Authentication=UsernamePasswordAuthenticationToken [Principal=com.example.projetpfe.security.CustomUserDetails@626972d3, Credentials=[PROTECTED], Authenticated=true, Details=WebAuthenticationDetails [RemoteIpAddress=0:0:0:0:0:0:0:1, SessionId=86A944D5D98175DEE054187EACA85BA0], Granted Authorities=[ROLE_USER]]]
2025-06-05 13:54:21 [http-nio-8080-exec-5] DEBUG o.s.s.w.a.AccessDeniedHandlerImpl - Responding with 403 status code
2025-06-05 14:03:00 [http-nio-8080-exec-9] DEBUG o.s.security.web.FilterChainProxy - Securing GET /agenda/index
2025-06-05 14:03:00 [http-nio-8080-exec-9] DEBUG o.s.s.w.c.HttpSessionSecurityContextRepository - Retrieved SecurityContextImpl [Authentication=UsernamePasswordAuthenticationToken [Principal=com.example.projetpfe.security.CustomUserDetails@4759bee8, Credentials=[PROTECTED], Authenticated=true, Details=WebAuthenticationDetails [RemoteIpAddress=0:0:0:0:0:0:0:1, SessionId=EC3B9DD8E1F05ED8964B88855299F304], Granted Authorities=[ROLE_USER]]]
2025-06-05 14:03:00 [http-nio-8080-exec-9] DEBUG o.s.security.web.FilterChainProxy - Secured GET /agenda/index
2025-06-05 14:03:02 [http-nio-8080-exec-10] DEBUG o.s.security.web.FilterChainProxy - Securing GET /favicon.ico
2025-06-05 14:03:02 [http-nio-8080-exec-10] DEBUG o.s.s.w.c.HttpSessionSecurityContextRepository - Retrieved SecurityContextImpl [Authentication=UsernamePasswordAuthenticationToken [Principal=com.example.projetpfe.security.CustomUserDetails@4759bee8, Credentials=[PROTECTED], Authenticated=true, Details=WebAuthenticationDetails [RemoteIpAddress=0:0:0:0:0:0:0:1, SessionId=EC3B9DD8E1F05ED8964B88855299F304], Granted Authorities=[ROLE_USER]]]
2025-06-05 14:03:02 [http-nio-8080-exec-10] DEBUG o.s.security.web.FilterChainProxy - Secured GET /favicon.ico
2025-06-05 14:03:02 [http-nio-8080-exec-10] DEBUG o.s.security.web.FilterChainProxy - Securing GET /error
2025-06-05 14:03:02 [http-nio-8080-exec-10] DEBUG o.s.s.w.c.HttpSessionSecurityContextRepository - Retrieved SecurityContextImpl [Authentication=UsernamePasswordAuthenticationToken [Principal=com.example.projetpfe.security.CustomUserDetails@4759bee8, Credentials=[PROTECTED], Authenticated=true, Details=WebAuthenticationDetails [RemoteIpAddress=0:0:0:0:0:0:0:1, SessionId=EC3B9DD8E1F05ED8964B88855299F304], Granted Authorities=[ROLE_USER]]]
2025-06-05 14:03:02 [http-nio-8080-exec-10] DEBUG o.s.s.w.a.AccessDeniedHandlerImpl - Responding with 403 status code
2025-06-05 14:03:09 [http-nio-8080-exec-1] DEBUG o.s.security.web.FilterChainProxy - Securing GET /agenda/index
2025-06-05 14:03:09 [http-nio-8080-exec-1] DEBUG o.s.s.w.c.HttpSessionSecurityContextRepository - Retrieved SecurityContextImpl [Authentication=UsernamePasswordAuthenticationToken [Principal=com.example.projetpfe.security.CustomUserDetails@4759bee8, Credentials=[PROTECTED], Authenticated=true, Details=WebAuthenticationDetails [RemoteIpAddress=0:0:0:0:0:0:0:1, SessionId=EC3B9DD8E1F05ED8964B88855299F304], Granted Authorities=[ROLE_USER]]]
2025-06-05 14:03:09 [http-nio-8080-exec-1] DEBUG o.s.security.web.FilterChainProxy - Secured GET /agenda/index
2025-06-05 14:03:11 [http-nio-8080-exec-2] DEBUG o.s.security.web.FilterChainProxy - Securing GET /favicon.ico
2025-06-05 14:03:11 [http-nio-8080-exec-2] DEBUG o.s.s.w.c.HttpSessionSecurityContextRepository - Retrieved SecurityContextImpl [Authentication=UsernamePasswordAuthenticationToken [Principal=com.example.projetpfe.security.CustomUserDetails@4759bee8, Credentials=[PROTECTED], Authenticated=true, Details=WebAuthenticationDetails [RemoteIpAddress=0:0:0:0:0:0:0:1, SessionId=EC3B9DD8E1F05ED8964B88855299F304], Granted Authorities=[ROLE_USER]]]
2025-06-05 14:03:11 [http-nio-8080-exec-2] DEBUG o.s.security.web.FilterChainProxy - Secured GET /favicon.ico
2025-06-05 14:03:11 [http-nio-8080-exec-2] DEBUG o.s.security.web.FilterChainProxy - Securing GET /error
2025-06-05 14:03:11 [http-nio-8080-exec-2] DEBUG o.s.s.w.c.HttpSessionSecurityContextRepository - Retrieved SecurityContextImpl [Authentication=UsernamePasswordAuthenticationToken [Principal=com.example.projetpfe.security.CustomUserDetails@4759bee8, Credentials=[PROTECTED], Authenticated=true, Details=WebAuthenticationDetails [RemoteIpAddress=0:0:0:0:0:0:0:1, SessionId=EC3B9DD8E1F05ED8964B88855299F304], Granted Authorities=[ROLE_USER]]]
2025-06-05 14:03:11 [http-nio-8080-exec-2] DEBUG o.s.s.w.a.AccessDeniedHandlerImpl - Responding with 403 status code
2025-06-05 14:03:16 [http-nio-8080-exec-3] DEBUG o.s.security.web.FilterChainProxy - Securing GET /agenda/index
2025-06-05 14:03:16 [http-nio-8080-exec-3] DEBUG o.s.s.w.c.HttpSessionSecurityContextRepository - Retrieved SecurityContextImpl [Authentication=UsernamePasswordAuthenticationToken [Principal=com.example.projetpfe.security.CustomUserDetails@4759bee8, Credentials=[PROTECTED], Authenticated=true, Details=WebAuthenticationDetails [RemoteIpAddress=0:0:0:0:0:0:0:1, SessionId=EC3B9DD8E1F05ED8964B88855299F304], Granted Authorities=[ROLE_USER]]]
2025-06-05 14:03:16 [http-nio-8080-exec-3] DEBUG o.s.security.web.FilterChainProxy - Secured GET /agenda/index
2025-06-05 14:03:17 [http-nio-8080-exec-4] DEBUG o.s.security.web.FilterChainProxy - Securing GET /favicon.ico
2025-06-05 14:03:17 [http-nio-8080-exec-4] DEBUG o.s.s.w.c.HttpSessionSecurityContextRepository - Retrieved SecurityContextImpl [Authentication=UsernamePasswordAuthenticationToken [Principal=com.example.projetpfe.security.CustomUserDetails@4759bee8, Credentials=[PROTECTED], Authenticated=true, Details=WebAuthenticationDetails [RemoteIpAddress=0:0:0:0:0:0:0:1, SessionId=EC3B9DD8E1F05ED8964B88855299F304], Granted Authorities=[ROLE_USER]]]
2025-06-05 14:03:17 [http-nio-8080-exec-4] DEBUG o.s.security.web.FilterChainProxy - Secured GET /favicon.ico
2025-06-05 14:03:17 [http-nio-8080-exec-4] DEBUG o.s.security.web.FilterChainProxy - Securing GET /error
2025-06-05 14:03:17 [http-nio-8080-exec-4] DEBUG o.s.s.w.c.HttpSessionSecurityContextRepository - Retrieved SecurityContextImpl [Authentication=UsernamePasswordAuthenticationToken [Principal=com.example.projetpfe.security.CustomUserDetails@4759bee8, Credentials=[PROTECTED], Authenticated=true, Details=WebAuthenticationDetails [RemoteIpAddress=0:0:0:0:0:0:0:1, SessionId=EC3B9DD8E1F05ED8964B88855299F304], Granted Authorities=[ROLE_USER]]]
2025-06-05 14:03:17 [http-nio-8080-exec-4] DEBUG o.s.s.w.a.AccessDeniedHandlerImpl - Responding with 403 status code
2025-06-05 14:14:19 [http-nio-8080-exec-6] DEBUG o.s.security.web.FilterChainProxy - Securing GET /clients/1071
2025-06-05 14:14:19 [http-nio-8080-exec-6] DEBUG o.s.s.w.c.HttpSessionSecurityContextRepository - Retrieved SecurityContextImpl [Authentication=UsernamePasswordAuthenticationToken [Principal=com.example.projetpfe.security.CustomUserDetails@626972d3, Credentials=[PROTECTED], Authenticated=true, Details=WebAuthenticationDetails [RemoteIpAddress=0:0:0:0:0:0:0:1, SessionId=86A944D5D98175DEE054187EACA85BA0], Granted Authorities=[ROLE_USER]]]
2025-06-05 14:14:19 [http-nio-8080-exec-6] DEBUG o.s.security.web.FilterChainProxy - Secured GET /clients/1071
2025-06-05 14:14:20 [http-nio-8080-exec-7] DEBUG o.s.security.web.FilterChainProxy - Securing GET /favicon.ico
2025-06-05 14:14:20 [http-nio-8080-exec-7] DEBUG o.s.s.w.c.HttpSessionSecurityContextRepository - Retrieved SecurityContextImpl [Authentication=UsernamePasswordAuthenticationToken [Principal=com.example.projetpfe.security.CustomUserDetails@626972d3, Credentials=[PROTECTED], Authenticated=true, Details=WebAuthenticationDetails [RemoteIpAddress=0:0:0:0:0:0:0:1, SessionId=86A944D5D98175DEE054187EACA85BA0], Granted Authorities=[ROLE_USER]]]
2025-06-05 14:14:20 [http-nio-8080-exec-7] DEBUG o.s.security.web.FilterChainProxy - Secured GET /favicon.ico
2025-06-05 14:14:20 [http-nio-8080-exec-7] DEBUG o.s.security.web.FilterChainProxy - Securing GET /error
2025-06-05 14:14:20 [http-nio-8080-exec-7] DEBUG o.s.s.w.c.HttpSessionSecurityContextRepository - Retrieved SecurityContextImpl [Authentication=UsernamePasswordAuthenticationToken [Principal=com.example.projetpfe.security.CustomUserDetails@626972d3, Credentials=[PROTECTED], Authenticated=true, Details=WebAuthenticationDetails [RemoteIpAddress=0:0:0:0:0:0:0:1, SessionId=86A944D5D98175DEE054187EACA85BA0], Granted Authorities=[ROLE_USER]]]
2025-06-05 14:14:20 [http-nio-8080-exec-7] DEBUG o.s.s.w.a.AccessDeniedHandlerImpl - Responding with 403 status code
2025-06-05 14:17:58 [SpringApplicationShutdownHook] INFO  o.s.o.j.LocalContainerEntityManagerFactoryBean - Closing JPA EntityManagerFactory for persistence unit 'default'
2025-06-05 14:17:58 [SpringApplicationShutdownHook] INFO  com.zaxxer.hikari.HikariDataSource - HikariPool-1 - Shutdown initiated...
2025-06-05 14:17:58 [SpringApplicationShutdownHook] INFO  com.zaxxer.hikari.HikariDataSource - HikariPool-1 - Shutdown completed.
