2025-05-16 10:31:09 [background-preinit] INFO  o.h.validator.internal.util.Version - HV000001: Hibernate Validator 8.0.0.Final
2025-05-16 10:31:09 [main] INFO  c.e.projetpfe.ProjetPfeApplication - Starting ProjetPfeApplication using Java 17.0.12 with PID 6040 (C:\Users\hiba3\PROJETPFE\target\classes started by hiba3 in C:\Users\hiba3\PROJETPFE)
2025-05-16 10:31:09 [main] INFO  c.e.projetpfe.ProjetPfeApplication - No active profile set, falling back to 1 default profile: "default"
2025-05-16 10:31:11 [main] INFO  o.s.d.r.c.RepositoryConfigurationDelegate - Bootstrapping Spring Data JPA repositories in DEFAULT mode.
2025-05-16 10:31:11 [main] INFO  o.s.d.r.c.RepositoryConfigurationDelegate - Finished Spring Data repository scanning in 249 ms. Found 7 JPA repository interfaces.
2025-05-16 10:31:13 [main] INFO  o.s.b.w.e.tomcat.TomcatWebServer - Tomcat initialized with port(s): 8080 (http)
2025-05-16 10:31:13 [main] INFO  o.a.coyote.http11.Http11NioProtocol - Initializing ProtocolHandler ["http-nio-8080"]
2025-05-16 10:31:13 [main] INFO  o.a.catalina.core.StandardService - Starting service [Tomcat]
2025-05-16 10:31:13 [main] INFO  o.a.catalina.core.StandardEngine - Starting Servlet engine: [Apache Tomcat/10.1.1]
2025-05-16 10:31:13 [main] INFO  o.a.c.c.C.[Tomcat].[localhost].[/] - Initializing Spring embedded WebApplicationContext
2025-05-16 10:31:13 [main] INFO  o.s.b.w.s.c.ServletWebServerApplicationContext - Root WebApplicationContext: initialization completed in 4326 ms
2025-05-16 10:31:14 [main] INFO  o.h.jpa.internal.util.LogHelper - HHH000204: Processing PersistenceUnitInfo [name: default]
2025-05-16 10:31:14 [main] INFO  org.hibernate.Version - HHH000412: Hibernate ORM core version 6.1.5.Final
2025-05-16 10:31:14 [main] WARN  org.hibernate.orm.deprecation - HHH90000021: Encountered deprecated setting [javax.persistence.sharedCache.mode], use [jakarta.persistence.sharedCache.mode] instead
2025-05-16 10:31:15 [main] INFO  com.zaxxer.hikari.HikariDataSource - HikariPool-1 - Starting...
2025-05-16 10:31:16 [main] INFO  com.zaxxer.hikari.pool.HikariPool - HikariPool-1 - Added connection org.postgresql.jdbc.PgConnection@5112b7
2025-05-16 10:31:16 [main] INFO  com.zaxxer.hikari.HikariDataSource - HikariPool-1 - Start completed.
2025-05-16 10:31:16 [main] INFO  SQL dialect - HHH000400: Using dialect: org.hibernate.dialect.PostgreSQLDialect
2025-05-16 10:31:21 [main] INFO  o.h.e.t.j.p.i.JtaPlatformInitiator - HHH000490: Using JtaPlatform implementation: [org.hibernate.engine.transaction.jta.platform.internal.NoJtaPlatform]
2025-05-16 10:31:21 [main] INFO  o.s.o.j.LocalContainerEntityManagerFactoryBean - Initialized JPA EntityManagerFactory for persistence unit 'default'
2025-05-16 10:31:28 [main] WARN  o.s.b.a.o.j.JpaBaseConfiguration$JpaWebConfiguration - spring.jpa.open-in-view is enabled by default. Therefore, database queries may be performed during view rendering. Explicitly configure spring.jpa.open-in-view to disable this warning
2025-05-16 10:31:28 [main] INFO  o.s.b.a.w.s.WelcomePageHandlerMapping - Adding welcome page template: index
2025-05-16 10:31:29 [main] INFO  o.s.s.web.DefaultSecurityFilterChain - Will secure any request with [org.springframework.security.web.session.DisableEncodeUrlFilter@7df5358, org.springframework.security.web.context.request.async.WebAsyncManagerIntegrationFilter@49d26eba, org.springframework.security.web.context.SecurityContextHolderFilter@1a48e48e, org.springframework.security.web.header.HeaderWriterFilter@4d56b7f1, org.springframework.security.web.csrf.CsrfFilter@43cc7bb7, org.springframework.security.web.authentication.logout.LogoutFilter@776e4088, org.springframework.security.web.authentication.UsernamePasswordAuthenticationFilter@33bd3549, org.springframework.security.web.session.ConcurrentSessionFilter@4c39eac6, org.springframework.security.web.savedrequest.RequestCacheAwareFilter@10847aeb, org.springframework.security.web.servletapi.SecurityContextHolderAwareRequestFilter@91e76b6, org.springframework.security.web.authentication.AnonymousAuthenticationFilter@139f1db4, org.springframework.security.web.session.SessionManagementFilter@1b136640, org.springframework.security.web.access.ExceptionTranslationFilter@2e2b1310, org.springframework.security.web.access.intercept.AuthorizationFilter@68f4c6e7]
2025-05-16 10:31:30 [main] INFO  o.a.coyote.http11.Http11NioProtocol - Starting ProtocolHandler ["http-nio-8080"]
2025-05-16 10:31:30 [main] INFO  o.s.b.w.e.tomcat.TomcatWebServer - Tomcat started on port(s): 8080 (http) with context path ''
2025-05-16 10:31:30 [main] INFO  c.e.projetpfe.ProjetPfeApplication - Started ProjetPfeApplication in 22.401 seconds (process running for 24.259)
2025-05-16 10:31:31 [main] DEBUG org.hibernate.SQL - 
    select
        r1_0.id 
    from
        regions r1_0 
    where
        r1_0.name=? fetch first ? rows only
2025-05-16 10:31:31 [main] DEBUG org.hibernate.SQL - 
    select
        r1_0.id 
    from
        regions r1_0 
    where
        r1_0.name=? fetch first ? rows only
2025-05-16 10:31:31 [main] DEBUG org.hibernate.SQL - 
    select
        r1_0.id 
    from
        regions r1_0 
    where
        r1_0.name=? fetch first ? rows only
2025-05-16 10:31:31 [main] DEBUG org.hibernate.SQL - 
    select
        r1_0.id,
        r1_0.name 
    from
        roles r1_0 
    where
        r1_0.name=?
2025-05-16 10:31:31 [main] DEBUG org.hibernate.SQL - 
    select
        u1_0.id,
        u1_0.assigned_branche,
        u1_0.created_at,
        u1_0.created_by_admin_id,
        u1_0.direction_id,
        u1_0.email,
        u1_0.enabled,
        u1_0.name,
        u1_0.password,
        u1_0.region_id 
    from
        users u1_0 
    left join
        (users_roles r1_0 
    join
        roles r1_1 
            on r1_1.id=r1_0.role_id) 
                on u1_0.id=r1_0.user_id 
        where
            r1_1.name=?
2025-05-16 10:31:31 [main] DEBUG org.hibernate.SQL - 
    select
        r1_0.user_id,
        r1_1.id,
        r1_1.name 
    from
        users_roles r1_0 
    join
        roles r1_1 
            on r1_1.id=r1_0.role_id 
    where
        r1_0.user_id=?
2025-05-16 10:31:31 [main] DEBUG org.hibernate.SQL - 
    select
        r1_0.user_id,
        r1_1.id,
        r1_1.code,
        d1_0.id,
        d1_0.code,
        d1_0.name,
        r1_1.name 
    from
        admin_regions r1_0 
    join
        regions r1_1 
            on r1_1.id=r1_0.region_id 
    left join
        directions d1_0 
            on d1_0.id=r1_1.direction_id 
    where
        r1_0.user_id=?
2025-05-16 10:31:31 [main] DEBUG org.hibernate.SQL - 
    select
        count(u1_0.id) 
    from
        users u1_0 
    left join
        (users_roles r1_0 
    join
        roles r1_1 
            on r1_1.id=r1_0.role_id) 
                on u1_0.id=r1_0.user_id 
        where
            r1_1.name=?
2025-05-16 10:31:33 [http-nio-8080-exec-1] INFO  o.a.c.c.C.[Tomcat].[localhost].[/] - Initializing Spring DispatcherServlet 'dispatcherServlet'
2025-05-16 10:31:33 [http-nio-8080-exec-1] INFO  o.s.web.servlet.DispatcherServlet - Initializing Servlet 'dispatcherServlet'
2025-05-16 10:31:34 [http-nio-8080-exec-1] INFO  o.s.web.servlet.DispatcherServlet - Completed initialization in 4 ms
2025-05-16 10:31:34 [http-nio-8080-exec-1] DEBUG o.s.security.web.FilterChainProxy - Securing GET /login
2025-05-16 10:31:34 [http-nio-8080-exec-1] DEBUG o.s.s.w.a.AnonymousAuthenticationFilter - Set SecurityContextHolder to anonymous SecurityContext
2025-05-16 10:31:34 [http-nio-8080-exec-1] DEBUG o.s.security.web.FilterChainProxy - Secured GET /login
2025-05-16 10:31:34 [http-nio-8080-exec-1] DEBUG c.e.p.controller.AuthController - Accès à la page de login - Query string: null
2025-05-16 10:31:34 [http-nio-8080-exec-1] DEBUG c.e.p.controller.AuthController - Vérification du blocage pour l'IP: 127.0.0.1
2025-05-16 10:31:34 [http-nio-8080-exec-1] DEBUG c.e.p.controller.AuthController - IP non bloquée
2025-05-16 10:31:36 [http-nio-8080-exec-2] DEBUG o.s.security.web.FilterChainProxy - Securing GET /favicon.ico
2025-05-16 10:31:36 [http-nio-8080-exec-2] DEBUG o.s.s.w.a.AnonymousAuthenticationFilter - Set SecurityContextHolder to anonymous SecurityContext
2025-05-16 10:31:36 [http-nio-8080-exec-2] DEBUG o.s.s.web.DefaultRedirectStrategy - Redirecting to http://localhost:8080/login
2025-05-16 10:31:36 [http-nio-8080-exec-5] DEBUG o.s.security.web.FilterChainProxy - Securing GET /login
2025-05-16 10:31:36 [http-nio-8080-exec-5] DEBUG o.s.s.w.a.AnonymousAuthenticationFilter - Set SecurityContextHolder to anonymous SecurityContext
2025-05-16 10:31:36 [http-nio-8080-exec-5] DEBUG o.s.security.web.FilterChainProxy - Secured GET /login
2025-05-16 10:31:36 [http-nio-8080-exec-5] DEBUG c.e.p.controller.AuthController - Accès à la page de login - Query string: null
2025-05-16 10:31:36 [http-nio-8080-exec-5] DEBUG c.e.p.controller.AuthController - Vérification du blocage pour l'IP: 127.0.0.1
2025-05-16 10:31:36 [http-nio-8080-exec-5] DEBUG c.e.p.controller.AuthController - IP non bloquée
2025-05-16 10:31:44 [http-nio-8080-exec-6] DEBUG o.s.security.web.FilterChainProxy - Securing POST /login
2025-05-16 10:31:44 [http-nio-8080-exec-6] DEBUG org.hibernate.SQL - 
    select
        u1_0.id,
        u1_0.assigned_branche,
        u1_0.created_at,
        u1_0.created_by_admin_id,
        u1_0.direction_id,
        u1_0.email,
        u1_0.enabled,
        u1_0.name,
        u1_0.password,
        u1_0.region_id 
    from
        users u1_0 
    where
        u1_0.email=?
2025-05-16 10:31:44 [http-nio-8080-exec-6] DEBUG org.hibernate.SQL - 
    select
        r1_0.user_id,
        r1_1.id,
        r1_1.name 
    from
        users_roles r1_0 
    join
        roles r1_1 
            on r1_1.id=r1_0.role_id 
    where
        r1_0.user_id=?
2025-05-16 10:31:44 [http-nio-8080-exec-6] DEBUG org.hibernate.SQL - 
    select
        r1_0.user_id,
        r1_1.id,
        r1_1.code,
        d1_0.id,
        d1_0.code,
        d1_0.name,
        r1_1.name 
    from
        admin_regions r1_0 
    join
        regions r1_1 
            on r1_1.id=r1_0.region_id 
    left join
        directions d1_0 
            on d1_0.id=r1_1.direction_id 
    where
        r1_0.user_id=?
2025-05-16 10:31:44 [http-nio-8080-exec-6] DEBUG o.s.s.a.d.DaoAuthenticationProvider - Authenticated user
2025-05-16 10:31:44 [http-nio-8080-exec-6] DEBUG o.s.s.w.a.s.ChangeSessionIdAuthenticationStrategy - Changed session id from E6367B6184E750D80D0AE91775E28D8C
2025-05-16 10:31:44 [http-nio-8080-exec-6] DEBUG o.s.s.c.session.SessionRegistryImpl - Registering session 363AE1F86F067A302BD902AD62236DDA, for principal org.springframework.security.core.userdetails.User [Username=superadmin@example.com, Password=[PROTECTED], Enabled=true, AccountNonExpired=true, credentialsNonExpired=true, AccountNonLocked=true, Granted Authorities=[ROLE_SUPER_ADMIN]]
2025-05-16 10:31:44 [http-nio-8080-exec-6] DEBUG o.s.s.w.c.CsrfAuthenticationStrategy - Replaced CSRF Token
2025-05-16 10:31:44 [http-nio-8080-exec-6] DEBUG o.s.s.w.c.HttpSessionSecurityContextRepository - Stored SecurityContextImpl [Authentication=UsernamePasswordAuthenticationToken [Principal=org.springframework.security.core.userdetails.User [Username=superadmin@example.com, Password=[PROTECTED], Enabled=true, AccountNonExpired=true, credentialsNonExpired=true, AccountNonLocked=true, Granted Authorities=[ROLE_SUPER_ADMIN]], Credentials=[PROTECTED], Authenticated=true, Details=WebAuthenticationDetails [RemoteIpAddress=127.0.0.1, SessionId=E6367B6184E750D80D0AE91775E28D8C], Granted Authorities=[ROLE_SUPER_ADMIN]]] to HttpSession [org.apache.catalina.session.StandardSessionFacade@7f11576c]
2025-05-16 10:31:44 [http-nio-8080-exec-6] DEBUG o.s.s.w.a.UsernamePasswordAuthenticationFilter - Set SecurityContextHolder to UsernamePasswordAuthenticationToken [Principal=org.springframework.security.core.userdetails.User [Username=superadmin@example.com, Password=[PROTECTED], Enabled=true, AccountNonExpired=true, credentialsNonExpired=true, AccountNonLocked=true, Granted Authorities=[ROLE_SUPER_ADMIN]], Credentials=[PROTECTED], Authenticated=true, Details=WebAuthenticationDetails [RemoteIpAddress=127.0.0.1, SessionId=E6367B6184E750D80D0AE91775E28D8C], Granted Authorities=[ROLE_SUPER_ADMIN]]
2025-05-16 10:31:44 [http-nio-8080-exec-6] DEBUG o.s.s.web.DefaultRedirectStrategy - Redirecting to /login-success
2025-05-16 10:31:44 [http-nio-8080-exec-9] DEBUG o.s.security.web.FilterChainProxy - Securing GET /login-success
2025-05-16 10:31:44 [http-nio-8080-exec-9] DEBUG o.s.security.web.FilterChainProxy - Secured GET /login-success
2025-05-16 10:31:44 [http-nio-8080-exec-9] DEBUG o.s.s.w.c.HttpSessionSecurityContextRepository - Retrieved SecurityContextImpl [Authentication=UsernamePasswordAuthenticationToken [Principal=org.springframework.security.core.userdetails.User [Username=superadmin@example.com, Password=[PROTECTED], Enabled=true, AccountNonExpired=true, credentialsNonExpired=true, AccountNonLocked=true, Granted Authorities=[ROLE_SUPER_ADMIN]], Credentials=[PROTECTED], Authenticated=true, Details=WebAuthenticationDetails [RemoteIpAddress=127.0.0.1, SessionId=E6367B6184E750D80D0AE91775E28D8C], Granted Authorities=[ROLE_SUPER_ADMIN]]]
2025-05-16 10:31:44 [http-nio-8080-exec-10] DEBUG o.s.security.web.FilterChainProxy - Securing GET /admin/agenda
2025-05-16 10:31:44 [http-nio-8080-exec-10] DEBUG o.s.s.w.c.HttpSessionSecurityContextRepository - Retrieved SecurityContextImpl [Authentication=UsernamePasswordAuthenticationToken [Principal=org.springframework.security.core.userdetails.User [Username=superadmin@example.com, Password=[PROTECTED], Enabled=true, AccountNonExpired=true, credentialsNonExpired=true, AccountNonLocked=true, Granted Authorities=[ROLE_SUPER_ADMIN]], Credentials=[PROTECTED], Authenticated=true, Details=WebAuthenticationDetails [RemoteIpAddress=127.0.0.1, SessionId=E6367B6184E750D80D0AE91775E28D8C], Granted Authorities=[ROLE_SUPER_ADMIN]]]
2025-05-16 10:31:44 [http-nio-8080-exec-10] DEBUG o.s.security.web.FilterChainProxy - Secured GET /admin/agenda
2025-05-16 10:31:44 [http-nio-8080-exec-10] DEBUG org.hibernate.SQL - 
    select
        u1_0.id,
        u1_0.assigned_branche,
        u1_0.created_at,
        u1_0.created_by_admin_id,
        u1_0.direction_id,
        u1_0.email,
        u1_0.enabled,
        u1_0.name,
        u1_0.password,
        u1_0.region_id 
    from
        users u1_0 
    where
        u1_0.email=?
2025-05-16 10:31:44 [http-nio-8080-exec-10] DEBUG org.hibernate.SQL - 
    select
        r1_0.user_id,
        r1_1.id,
        r1_1.name 
    from
        users_roles r1_0 
    join
        roles r1_1 
            on r1_1.id=r1_0.role_id 
    where
        r1_0.user_id=?
2025-05-16 10:31:44 [http-nio-8080-exec-10] DEBUG org.hibernate.SQL - 
    select
        r1_0.user_id,
        r1_1.id,
        r1_1.code,
        d1_0.id,
        d1_0.code,
        d1_0.name,
        r1_1.name 
    from
        admin_regions r1_0 
    join
        regions r1_1 
            on r1_1.id=r1_0.region_id 
    left join
        directions d1_0 
            on d1_0.id=r1_1.direction_id 
    where
        r1_0.user_id=?
2025-05-16 10:31:44 [http-nio-8080-exec-10] DEBUG org.hibernate.SQL - 
    select
        c1_0.id,
        c1_0.age_client,
        c1_0.barem,
        c1_0.dtdebc,
        c1_0.dtfinc,
        c1_0.mntdeb,
        c1_0.nbinc,
        c1_0.nbprets,
        c1_0.nmbra,
        c1_0.nmdir,
        c1_0.nmreg,
        c1_0.a_difficultes_rencontrees,
        c1_0.activite_actuelle,
        c1_0.activite_client,
        c1_0.assigned_user_id,
        c1_0.autres_facteurs,
        c1_0.autres_raisons,
        c1_0.cin,
        c1_0.created_at,
        c1_0.created_by_id,
        c1_0.date_heure_rendez_vous,
        c1_0.facteur_influence,
        c1_0.interet_nouveau_credit,
        c1_0.nom,
        c1_0.notes,
        c1_0.precision_difficultes,
        c1_0.prenom,
        c1_0.profil,
        c1_0.qualite_service,
        c1_0.raison_non_renouvellement,
        c1_0.rendez_vous_agence,
        c1_0.status,
        c1_0.telephone,
        c1_0.telephone2,
        c1_0.updated_at,
        c1_0.updated_by_id 
    from
        clients c1_0 
    where
        c1_0.status=? 
    order by
        c1_0.updated_at desc
2025-05-16 10:31:44 [http-nio-8080-exec-10] DEBUG org.hibernate.SQL - 
    select
        u1_0.id,
        u1_0.assigned_branche,
        u1_0.created_at,
        c1_0.id,
        c1_0.assigned_branche,
        c1_0.created_at,
        c1_0.created_by_admin_id,
        d1_0.id,
        d1_0.code,
        d1_0.name,
        c1_0.email,
        c1_0.enabled,
        c1_0.name,
        c1_0.password,
        r1_0.id,
        r1_0.code,
        d2_0.id,
        d2_0.code,
        d2_0.name,
        r1_0.name,
        r2_0.user_id,
        r2_1.id,
        r2_1.code,
        d3_0.id,
        d3_0.code,
        d3_0.name,
        r2_1.name,
        d4_0.id,
        d4_0.code,
        d4_0.name,
        u1_0.email,
        u1_0.enabled,
        u1_0.name,
        u1_0.password,
        r3_0.id,
        r3_0.code,
        d5_0.id,
        d5_0.code,
        d5_0.name,
        r3_0.name 
    from
        users u1_0 
    left join
        users c1_0 
            on c1_0.id=u1_0.created_by_admin_id 
    left join
        directions d1_0 
            on d1_0.id=c1_0.direction_id 
    left join
        regions r1_0 
            on r1_0.id=c1_0.region_id 
    left join
        directions d2_0 
            on d2_0.id=r1_0.direction_id 
    left join
        (admin_regions r2_0 
    join
        regions r2_1 
            on r2_1.id=r2_0.region_id) 
                on c1_0.id=r2_0.user_id 
        left join
            directions d3_0 
                on d3_0.id=r2_1.direction_id 
        left join
            directions d4_0 
                on d4_0.id=u1_0.direction_id 
        left join
            regions r3_0 
                on r3_0.id=u1_0.region_id 
        left join
            directions d5_0 
                on d5_0.id=r3_0.direction_id 
        where
            u1_0.id=?
2025-05-16 10:31:44 [http-nio-8080-exec-10] DEBUG org.hibernate.SQL - 
    select
        r1_0.user_id,
        r1_1.id,
        r1_1.name 
    from
        users_roles r1_0 
    join
        roles r1_1 
            on r1_1.id=r1_0.role_id 
    where
        r1_0.user_id=?
2025-05-16 10:31:44 [http-nio-8080-exec-10] DEBUG org.hibernate.SQL - 
    select
        r1_0.user_id,
        r1_1.id,
        r1_1.code,
        d1_0.id,
        d1_0.code,
        d1_0.name,
        r1_1.name 
    from
        admin_regions r1_0 
    join
        regions r1_1 
            on r1_1.id=r1_0.region_id 
    left join
        directions d1_0 
            on d1_0.id=r1_1.direction_id 
    where
        r1_0.user_id=?
2025-05-16 10:31:44 [http-nio-8080-exec-10] DEBUG org.hibernate.SQL - 
    select
        r1_0.user_id,
        r1_1.id,
        r1_1.name 
    from
        users_roles r1_0 
    join
        roles r1_1 
            on r1_1.id=r1_0.role_id 
    where
        r1_0.user_id=?
2025-05-16 10:31:44 [http-nio-8080-exec-10] DEBUG org.hibernate.SQL - 
    select
        c1_0.id,
        c1_0.age_client,
        c1_0.barem,
        c1_0.dtdebc,
        c1_0.dtfinc,
        c1_0.mntdeb,
        c1_0.nbinc,
        c1_0.nbprets,
        c1_0.nmbra,
        c1_0.nmdir,
        c1_0.nmreg,
        c1_0.a_difficultes_rencontrees,
        c1_0.activite_actuelle,
        c1_0.activite_client,
        c1_0.assigned_user_id,
        c1_0.autres_facteurs,
        c1_0.autres_raisons,
        c1_0.cin,
        c1_0.created_at,
        c1_0.created_by_id,
        c1_0.date_heure_rendez_vous,
        c1_0.facteur_influence,
        c1_0.interet_nouveau_credit,
        c1_0.nom,
        c1_0.notes,
        c1_0.precision_difficultes,
        c1_0.prenom,
        c1_0.profil,
        c1_0.qualite_service,
        c1_0.raison_non_renouvellement,
        c1_0.rendez_vous_agence,
        c1_0.status,
        c1_0.telephone,
        c1_0.telephone2,
        c1_0.updated_at,
        c1_0.updated_by_id 
    from
        clients c1_0 
    where
        c1_0.status=? 
    order by
        c1_0.updated_at desc
2025-05-16 10:31:44 [http-nio-8080-exec-10] DEBUG org.hibernate.SQL - 
    select
        c1_0.id,
        c1_0.age_client,
        c1_0.barem,
        c1_0.dtdebc,
        c1_0.dtfinc,
        c1_0.mntdeb,
        c1_0.nbinc,
        c1_0.nbprets,
        c1_0.nmbra,
        c1_0.nmdir,
        c1_0.nmreg,
        c1_0.a_difficultes_rencontrees,
        c1_0.activite_actuelle,
        c1_0.activite_client,
        c1_0.assigned_user_id,
        c1_0.autres_facteurs,
        c1_0.autres_raisons,
        c1_0.cin,
        c1_0.created_at,
        c1_0.created_by_id,
        c1_0.date_heure_rendez_vous,
        c1_0.facteur_influence,
        c1_0.interet_nouveau_credit,
        c1_0.nom,
        c1_0.notes,
        c1_0.precision_difficultes,
        c1_0.prenom,
        c1_0.profil,
        c1_0.qualite_service,
        c1_0.raison_non_renouvellement,
        c1_0.rendez_vous_agence,
        c1_0.status,
        c1_0.telephone,
        c1_0.telephone2,
        c1_0.updated_at,
        c1_0.updated_by_id 
    from
        clients c1_0 
    where
        c1_0.status=? 
    order by
        c1_0.updated_at desc
2025-05-16 10:31:44 [http-nio-8080-exec-10] DEBUG org.hibernate.SQL - 
    select
        c1_0.id,
        c1_0.age_client,
        c1_0.barem,
        c1_0.dtdebc,
        c1_0.dtfinc,
        c1_0.mntdeb,
        c1_0.nbinc,
        c1_0.nbprets,
        c1_0.nmbra,
        c1_0.nmdir,
        c1_0.nmreg,
        c1_0.a_difficultes_rencontrees,
        c1_0.activite_actuelle,
        c1_0.activite_client,
        c1_0.assigned_user_id,
        c1_0.autres_facteurs,
        c1_0.autres_raisons,
        c1_0.cin,
        c1_0.created_at,
        c1_0.created_by_id,
        c1_0.date_heure_rendez_vous,
        c1_0.facteur_influence,
        c1_0.interet_nouveau_credit,
        c1_0.nom,
        c1_0.notes,
        c1_0.precision_difficultes,
        c1_0.prenom,
        c1_0.profil,
        c1_0.qualite_service,
        c1_0.raison_non_renouvellement,
        c1_0.rendez_vous_agence,
        c1_0.status,
        c1_0.telephone,
        c1_0.telephone2,
        c1_0.updated_at,
        c1_0.updated_by_id 
    from
        clients c1_0 
    where
        c1_0.status=? 
    order by
        c1_0.updated_at desc
2025-05-16 10:31:44 [http-nio-8080-exec-10] DEBUG org.hibernate.SQL - 
    select
        c1_0.id,
        c1_0.age_client,
        c1_0.barem,
        c1_0.dtdebc,
        c1_0.dtfinc,
        c1_0.mntdeb,
        c1_0.nbinc,
        c1_0.nbprets,
        c1_0.nmbra,
        c1_0.nmdir,
        c1_0.nmreg,
        c1_0.a_difficultes_rencontrees,
        c1_0.activite_actuelle,
        c1_0.activite_client,
        c1_0.assigned_user_id,
        c1_0.autres_facteurs,
        c1_0.autres_raisons,
        c1_0.cin,
        c1_0.created_at,
        c1_0.created_by_id,
        c1_0.date_heure_rendez_vous,
        c1_0.facteur_influence,
        c1_0.interet_nouveau_credit,
        c1_0.nom,
        c1_0.notes,
        c1_0.precision_difficultes,
        c1_0.prenom,
        c1_0.profil,
        c1_0.qualite_service,
        c1_0.raison_non_renouvellement,
        c1_0.rendez_vous_agence,
        c1_0.status,
        c1_0.telephone,
        c1_0.telephone2,
        c1_0.updated_at,
        c1_0.updated_by_id 
    from
        clients c1_0 
    where
        c1_0.status=? 
    order by
        c1_0.updated_at desc
2025-05-16 10:31:44 [http-nio-8080-exec-10] DEBUG org.hibernate.SQL - 
    select
        c1_0.id,
        c1_0.age_client,
        c1_0.barem,
        c1_0.dtdebc,
        c1_0.dtfinc,
        c1_0.mntdeb,
        c1_0.nbinc,
        c1_0.nbprets,
        c1_0.nmbra,
        c1_0.nmdir,
        c1_0.nmreg,
        c1_0.a_difficultes_rencontrees,
        c1_0.activite_actuelle,
        c1_0.activite_client,
        c1_0.assigned_user_id,
        c1_0.autres_facteurs,
        c1_0.autres_raisons,
        c1_0.cin,
        c1_0.created_at,
        c1_0.created_by_id,
        c1_0.date_heure_rendez_vous,
        c1_0.facteur_influence,
        c1_0.interet_nouveau_credit,
        c1_0.nom,
        c1_0.notes,
        c1_0.precision_difficultes,
        c1_0.prenom,
        c1_0.profil,
        c1_0.qualite_service,
        c1_0.raison_non_renouvellement,
        c1_0.rendez_vous_agence,
        c1_0.status,
        c1_0.telephone,
        c1_0.telephone2,
        c1_0.updated_at,
        c1_0.updated_by_id 
    from
        clients c1_0 
    where
        c1_0.status=? 
    order by
        c1_0.updated_at desc
2025-05-16 10:31:44 [http-nio-8080-exec-10] DEBUG org.hibernate.SQL - 
    select
        r1_0.id,
        r1_0.client_id,
        r1_0.completed,
        r1_0.created_at,
        r1_0.created_by_id,
        r1_0.date_rappel,
        r1_0.notes 
    from
        rappels r1_0 
    where
        not(r1_0.completed) 
    order by
        r1_0.date_rappel asc
2025-05-16 10:31:45 [http-nio-8080-exec-10] DEBUG org.hibernate.SQL - 
    select
        u1_0.id,
        u1_0.assigned_branche,
        u1_0.created_at,
        u1_0.created_by_admin_id,
        u1_0.direction_id,
        u1_0.email,
        u1_0.enabled,
        u1_0.name,
        u1_0.password,
        u1_0.region_id 
    from
        users u1_0
2025-05-16 10:31:45 [http-nio-8080-exec-10] DEBUG org.hibernate.SQL - 
    select
        d1_0.id,
        d1_0.code,
        d1_0.name 
    from
        directions d1_0 
    where
        d1_0.id=?
2025-05-16 10:31:45 [http-nio-8080-exec-10] DEBUG org.hibernate.SQL - 
    select
        r1_0.user_id,
        r1_1.id,
        r1_1.name 
    from
        users_roles r1_0 
    join
        roles r1_1 
            on r1_1.id=r1_0.role_id 
    where
        r1_0.user_id=?
2025-05-16 10:31:45 [http-nio-8080-exec-10] DEBUG org.hibernate.SQL - 
    select
        r1_0.user_id,
        r1_1.id,
        r1_1.code,
        d1_0.id,
        d1_0.code,
        d1_0.name,
        r1_1.name 
    from
        admin_regions r1_0 
    join
        regions r1_1 
            on r1_1.id=r1_0.region_id 
    left join
        directions d1_0 
            on d1_0.id=r1_1.direction_id 
    where
        r1_0.user_id=?
2025-05-16 10:31:45 [http-nio-8080-exec-10] DEBUG org.hibernate.SQL - 
    select
        r1_0.user_id,
        r1_1.id,
        r1_1.name 
    from
        users_roles r1_0 
    join
        roles r1_1 
            on r1_1.id=r1_0.role_id 
    where
        r1_0.user_id=?
2025-05-16 10:31:45 [http-nio-8080-exec-10] DEBUG org.hibernate.SQL - 
    select
        r1_0.user_id,
        r1_1.id,
        r1_1.code,
        d1_0.id,
        d1_0.code,
        d1_0.name,
        r1_1.name 
    from
        admin_regions r1_0 
    join
        regions r1_1 
            on r1_1.id=r1_0.region_id 
    left join
        directions d1_0 
            on d1_0.id=r1_1.direction_id 
    where
        r1_0.user_id=?
2025-05-16 10:31:45 [http-nio-8080-exec-10] DEBUG org.hibernate.SQL - 
    select
        r1_0.user_id,
        r1_1.id,
        r1_1.name 
    from
        users_roles r1_0 
    join
        roles r1_1 
            on r1_1.id=r1_0.role_id 
    where
        r1_0.user_id=?
2025-05-16 10:31:45 [http-nio-8080-exec-10] DEBUG org.hibernate.SQL - 
    select
        r1_0.user_id,
        r1_1.id,
        r1_1.code,
        d1_0.id,
        d1_0.code,
        d1_0.name,
        r1_1.name 
    from
        admin_regions r1_0 
    join
        regions r1_1 
            on r1_1.id=r1_0.region_id 
    left join
        directions d1_0 
            on d1_0.id=r1_1.direction_id 
    where
        r1_0.user_id=?
2025-05-16 10:31:45 [http-nio-8080-exec-3] DEBUG o.s.security.web.FilterChainProxy - Securing GET /favicon.ico
2025-05-16 10:31:45 [http-nio-8080-exec-3] DEBUG o.s.s.w.c.HttpSessionSecurityContextRepository - Retrieved SecurityContextImpl [Authentication=UsernamePasswordAuthenticationToken [Principal=org.springframework.security.core.userdetails.User [Username=superadmin@example.com, Password=[PROTECTED], Enabled=true, AccountNonExpired=true, credentialsNonExpired=true, AccountNonLocked=true, Granted Authorities=[ROLE_SUPER_ADMIN]], Credentials=[PROTECTED], Authenticated=true, Details=WebAuthenticationDetails [RemoteIpAddress=127.0.0.1, SessionId=E6367B6184E750D80D0AE91775E28D8C], Granted Authorities=[ROLE_SUPER_ADMIN]]]
2025-05-16 10:31:45 [http-nio-8080-exec-3] DEBUG o.s.security.web.FilterChainProxy - Secured GET /favicon.ico
2025-05-16 10:31:45 [http-nio-8080-exec-3] DEBUG o.s.security.web.FilterChainProxy - Securing GET /error
2025-05-16 10:31:45 [http-nio-8080-exec-3] DEBUG o.s.s.w.c.HttpSessionSecurityContextRepository - Retrieved SecurityContextImpl [Authentication=UsernamePasswordAuthenticationToken [Principal=org.springframework.security.core.userdetails.User [Username=superadmin@example.com, Password=[PROTECTED], Enabled=true, AccountNonExpired=true, credentialsNonExpired=true, AccountNonLocked=true, Granted Authorities=[ROLE_SUPER_ADMIN]], Credentials=[PROTECTED], Authenticated=true, Details=WebAuthenticationDetails [RemoteIpAddress=127.0.0.1, SessionId=E6367B6184E750D80D0AE91775E28D8C], Granted Authorities=[ROLE_SUPER_ADMIN]]]
2025-05-16 10:31:45 [http-nio-8080-exec-3] DEBUG o.s.s.w.a.AccessDeniedHandlerImpl - Responding with 403 status code
2025-05-16 10:40:47 [SpringApplicationShutdownHook] INFO  o.s.o.j.LocalContainerEntityManagerFactoryBean - Closing JPA EntityManagerFactory for persistence unit 'default'
2025-05-16 10:40:47 [SpringApplicationShutdownHook] INFO  com.zaxxer.hikari.HikariDataSource - HikariPool-1 - Shutdown initiated...
2025-05-16 10:40:47 [SpringApplicationShutdownHook] INFO  com.zaxxer.hikari.HikariDataSource - HikariPool-1 - Shutdown completed.
